#
# A fatal error has been detected by the Java Runtime Environment:
#
#  EXCEPTION_ACCESS_VIOLATION (0xc0000005) at pc=0x7735e3be, pid=7392, tid=856
#
# JRE version: 7.0_04-b22
# Java VM: Java HotSpot(TM) Client VM (23.0-b21 mixed mode windows-x86 )
# Problematic frame:
# C  [ntdll.dll+0x2e3be]  RtlInitUnicodeString+0x196
#
# Failed to write core dump. Minidumps are not enabled by default on client versions of Windows
#
# If you would like to submit a bug report, please visit:
#   http://bugreport.sun.com/bugreport/crash.jsp
# The crash happened outside the Java Virtual Machine in native code.
# See problematic frame for where to report the bug.
#

---------------  T H R E A D  ---------------

Current thread (0x3542bc00):  JavaThread "JavaFX Application Thread" [_thread_in_native, id=856, stack(0x34f60000,0x34fb0000)]

siginfo: ExceptionCode=0xc0000005, reading address 0x607632d2

Registers:
EAX=0x00359090, EBX=0x003732b8, ECX=0x00330000, EDX=0x003732b8
ESP=0x34fad1b8, EBP=0x34fad1ec, ESI=0x607632ce, EDI=0x003732b0
EIP=0x7735e3be, EFLAGS=0x00010202

Top of Stack: (sp=0x34fad1b8)
0x34fad1b8:   00000000 00330000 003732b8 00001be8
0x34fad1c8:   010100d2 34fad104 34fad564 34fad564
0x34fad1d8:   773a71d5 0012f5a8 fffffffe 7736389a
0x34fad1e8:   003732b0 34fad204 7735e023 003732b8
0x34fad1f8:   000007f7 00000000 003732b0 34fad218
0x34fad208:   73eb31f7 00330000 00000000 003732b8
0x34fad218:   34fad22c 73eb7c10 003732b8 003a816c
0x34fad228:   34fad2e4 34fad248 73eb7b5a 003732b8 

Instructions: (pc=0x7735e3be)
0x7735e39e:   7a f8 80 7f 07 05 0f 84 5b 4b 06 00 8b 07 8b f7
0x7735e3ae:   c1 ee 03 33 f0 33 35 a4 00 43 77 89 7d fc 33 f1
0x7735e3be:   8b 46 04 89 45 f4 c6 47 07 80 c6 47 06 00 8b 5e
0x7735e3ce:   08 8b 4e 0c 89 5d e0 83 c3 01 89 4d e4 83 d1 01 


Register to memory mapping:

EAX=0x00359090 is an unknown value
EBX=0x003732b8 is an unknown value
ECX=0x00330000 is an unknown value
EDX=0x003732b8 is an unknown value
ESP=0x34fad1b8 is pointing into the stack for thread: 0x3542bc00
EBP=0x34fad1ec is pointing into the stack for thread: 0x3542bc00
ESI=0x607632ce is an unknown value
EDI=0x003732b0 is an unknown value


Stack: [0x34f60000,0x34fb0000],  sp=0x34fad1b8,  free space=308k
Native frames: (J=compiled Java code, j=interpreted, Vv=VM code, C=native code)
C  [ntdll.dll+0x2e3be]  RtlInitUnicodeString+0x196
C  [ntdll.dll+0x2e023]  RtlFreeHeap+0x7e
C  [apphelp.dll+0x31f7]  ApphelpCheckRunAppEx+0xd4
C  [apphelp.dll+0x7c10]  SdbFindFirstStringIndexedTag+0x22c
C  [apphelp.dll+0x7b5a]  SdbFindFirstStringIndexedTag+0x176
C  [apphelp.dll+0x4d47]  SdbInitDatabaseEx+0x70b
C  [apphelp.dll+0xdfb4]  SdbGetMatchingExe+0x20
C  [apphelp.dll+0xe008]  SdbGetMatchingExe+0x74
C  [apphelp.dll+0xe2da]  SdbShowApphelpFromQuery+0x245
C  [apphelp.dll+0xa7e0]  ApphelpCheckShellObject+0x315
C  [SHELL32.dll+0x49455]  ILSaveToStream+0xab4
C  [SHELL32.dll+0x88279]  SHParseDisplayName+0x2f6
C  [SHELL32.dll+0x88395]  Ordinal866+0x1e
C  [SHELL32.dll+0x49ae7]  ILSaveToStream+0x1146
C  [SHELL32.dll+0x2359e]  ShellExecuteExW+0x1758
C  [SHELL32.dll+0x23a99]  Ordinal660+0x2ee
C  [SHELL32.dll+0x239e1]  Ordinal660+0x236
C  [SHELL32.dll+0x32acc]  SHGetDataFromIDListW+0x4f1
C  [SHELL32.dll+0x239c4]  Ordinal660+0x219
C  [SHELL32.dll+0x1b8c92]  Ordinal733+0x93f5
C  [SHELL32.dll+0xb4a5e]  Ordinal259+0x2d
C  [ole32.dll+0x28ca6]  CoInitializeSecurity+0x1a4d
C  [ole32.dll+0x43170]  CoSetState+0xa6b
C  [ole32.dll+0x28dca]  CoInitializeSecurity+0x1b71
C  [ole32.dll+0x28d3f]  CoInitializeSecurity+0x1ae6
C  [ole32.dll+0x28ac2]  CoInitializeSecurity+0x1869
C  [ole32.dll+0x28a73]  CoInitializeSecurity+0x181a
C  [ole32.dll+0x28e2d]  CoInitializeSecurity+0x1bd4
C  [ole32.dll+0x43170]  CoSetState+0xa6b
C  [ole32.dll+0x42ef4]  CoSetState+0x7ef
C  [ole32.dll+0x43170]  CoSetState+0xa6b
C  [ole32.dll+0x43098]  CoSetState+0x993
C  [ole32.dll+0x49e25]  CoCreateInstanceEx+0xd7
C  [ole32.dll+0x49d86]  CoCreateInstanceEx+0x38
C  [ole32.dll+0x49d3f]  CoCreateInstance+0x34
C  [glass.dll+0xcbb6]  Java_com_sun_glass_ui_win_WinDnDClipboard_push+0x5986

Java frames: (J=compiled Java code, j=interpreted, Vv=VM code)
j  com.sun.glass.ui.win.WinWindow._createWindow(JJI)J+0
j  com.sun.glass.ui.Window.<init>(Lcom/sun/glass/ui/Window;Lcom/sun/glass/ui/Screen;I)V+307
j  com.sun.glass.ui.win.WinWindow.<init>(Lcom/sun/glass/ui/Window;Lcom/sun/glass/ui/Screen;I)V+4
j  com.sun.glass.ui.win.WinApplication.createWindow(Lcom/sun/glass/ui/Window;Lcom/sun/glass/ui/Screen;I)Lcom/sun/glass/ui/Window;+7
j  com.sun.javafx.tk.quantum.WindowStage.initPlatformWindow()V+63
j  com.sun.javafx.tk.quantum.WindowStage.init(Lcom/sun/javafx/tk/quantum/GlassSystemMenu;)Lcom/sun/javafx/tk/quantum/WindowStage;+1
j  com.sun.javafx.tk.quantum.QuantumToolkit.createTKStage(Ljavafx/stage/StageStyle;ZLjavafx/stage/Modality;Lcom/sun/javafx/tk/TKStage;)Lcom/sun/javafx/tk/TKStage;+23
j  javafx.stage.Stage.impl_visibleChanging(Z)V+55
j  javafx.stage.Window$10.invalidated()V+80
j  javafx.beans.property.BooleanPropertyBase.markInvalid()V+13
j  javafx.beans.property.BooleanPropertyBase.set(Z)V+31
j  javafx.stage.Window.setShowing(Z)V+11
j  javafx.stage.Window.show()V+2
j  javafx.stage.Stage.show()V+1
j  stockatview.StockATView.start(Ljavafx/stage/Stage;)V+83
j  com.sun.javafx.application.LauncherImpl$5.run()V+26
j  com.sun.javafx.application.PlatformImpl$4.run()V+4
j  com.sun.javafx.application.PlatformImpl$3.run()V+4
v  ~StubRoutines::call_stub
j  com.sun.glass.ui.win.WinApplication._runLoop([Ljava/lang/String;Lcom/sun/glass/ui/Launchable;)V+0
j  com.sun.glass.ui.win.WinApplication.access$100(Lcom/sun/glass/ui/win/WinApplication;[Ljava/lang/String;Lcom/sun/glass/ui/Launchable;)V+3
j  com.sun.glass.ui.win.WinApplication$2$1.run()V+32
j  java.lang.Thread.run()V+11
v  ~StubRoutines::call_stub

---------------  P R O C E S S  ---------------

Java Threads: ( => current thread )
  0x3842ac00 JavaThread "Prism Font Disposer" daemon [_thread_blocked, id=6556, stack(0x38a50000,0x38aa0000)]
  0x3830b800 JavaThread "Keep-Alive-Timer" daemon [_thread_blocked, id=1984, stack(0x37f60000,0x37fb0000)]
  0x382cfc00 JavaThread "Thread-4" [_thread_blocked, id=6808, stack(0x389e0000,0x38a30000)]
  0x382c5000 JavaThread "Thread-3" [_thread_in_Java, id=9136, stack(0x37ef0000,0x37f40000)]
  0x354a0000 JavaThread "Thread-2" daemon [_thread_in_native, id=8076, stack(0x357e0000,0x35830000)]
=>0x3542bc00 JavaThread "JavaFX Application Thread" [_thread_in_native, id=856, stack(0x34f60000,0x34fb0000)]
  0x35418c00 JavaThread "Disposer" daemon [_thread_blocked, id=7520, stack(0x36320000,0x36370000)]
  0x35418000 JavaThread "QuantumRenderer-0" daemon [_thread_blocked, id=8904, stack(0x358f0000,0x35940000)]
  0x35370400 JavaThread "JavaFX-Launcher" [_thread_blocked, id=5940, stack(0x351d0000,0x35220000)]
  0x34cd9000 JavaThread "Service Thread" daemon [_thread_blocked, id=8452, stack(0x35120000,0x35170000)]
  0x34cd2c00 JavaThread "C1 CompilerThread0" daemon [_thread_blocked, id=7196, stack(0x350d0000,0x35120000)]
  0x34cd1800 JavaThread "Attach Listener" daemon [_thread_blocked, id=8508, stack(0x34a50000,0x34aa0000)]
  0x34cce400 JavaThread "Signal Dispatcher" daemon [_thread_blocked, id=8416, stack(0x34fc0000,0x35010000)]
  0x0112c000 JavaThread "Finalizer" daemon [_thread_blocked, id=7192, stack(0x34ed0000,0x34f20000)]
  0x01127400 JavaThread "Reference Handler" daemon [_thread_blocked, id=8112, stack(0x34b50000,0x34ba0000)]
  0x004bc800 JavaThread "main" [_thread_blocked, id=7612, stack(0x027c0000,0x02810000)]

Other Threads:
  0x01123c00 VMThread [stack: 0x34e10000,0x34e60000] [id=7824]
  0x34cebc00 WatcherThread [stack: 0x352e0000,0x35330000] [id=5508]

VM state:not at safepoint (normal execution)

VM Mutex/Monitor currently owned by a thread: None

Heap
 def new generation   total 4992K, used 4395K [0x04810000, 0x04d70000, 0x0f2b0000)
  eden space 4480K,  92% used [0x04810000, 0x04c202b8, 0x04c70000)
  from space 512K,  45% used [0x04cf0000, 0x04d2acd0, 0x04d70000)
  to   space 512K,   0% used [0x04c70000, 0x04c70000, 0x04cf0000)
 tenured generation   total 10944K, used 9646K [0x0f2b0000, 0x0fd60000, 0x24810000)
   the space 10944K,  88% used [0x0f2b0000, 0x0fc1b908, 0x0fc1ba00, 0x0fd60000)
 compacting perm gen  total 14848K, used 14772K [0x24810000, 0x25690000, 0x34810000)
   the space 14848K,  99% used [0x24810000, 0x2567d238, 0x2567d400, 0x25690000)
No shared spaces configured.

Code Cache  [0x02810000, 0x02a30000, 0x04810000)
 total_blobs=1146 nmethods=862 adapters=218 free_code_cache=30612Kb largest_free_block=31345536

Compilation events (10 events):
Event: 3.959 Thread 0x34cd2c00  891             javafx.collections.ListChangeListener$Change::getList (5 bytes)
Event: 3.960 Thread 0x34cd2c00 nmethod 891 0x02a29108 code [0x02a29200, 0x02a29280]
Event: 3.960 Thread 0x34cd2c00  892             javafx.collections.ListChangeListener$Change::getAddedSubList (31 bytes)
Event: 3.960 Thread 0x34cd2c00 nmethod 892 0x02a292c8 code [0x02a29400, 0x02a29520]
Event: 3.963 Thread 0x34cd2c00  893             javafx.fxml.FXMLLoader$Element::processAttribute (303 bytes)
Event: 3.964 Thread 0x34cd2c00 nmethod 893 0x02a29608 code [0x02a29870, 0x02a2a188]
Event: 3.964 Thread 0x34cd2c00  894             java.nio.HeapByteBuffer::<init> (14 bytes)
Event: 3.964 Thread 0x34cd2c00 nmethod 894 0x02a2ac08 code [0x02a2ad10, 0x02a2adcc]
Event: 3.970 Thread 0x34cd2c00  895             com.sun.javafx.collections.NonIterableChange$SimpleAddChange::<init> (8 bytes)
Event: 3.971 Thread 0x34cd2c00 nmethod 895 0x02a2ae88 code [0x02a2af80, 0x02a2b020]

GC Heap History (10 events):
Event: 3.929 GC heap before
{Heap before GC invocations=268 (full 0):
 def new generation   total 4992K, used 4694K [0x04810000, 0x04d70000, 0x0f2b0000)
  eden space 4480K, 100% used [0x04810000, 0x04c70000, 0x04c70000)
  from space 512K,  41% used [0x04cf0000, 0x04d25960, 0x04d70000)
  to   space 512K,   0% used [0x04c70000, 0x04c70000, 0x04cf0000)
 tenured generation   total 10944K, used 9606K [0x0f2b0000, 0x0fd60000, 0x24810000)
   the space 10944K,  87% used [0x0f2b0000, 0x0fc11a98, 0x0fc11c00, 0x0fd60000)
 compacting perm gen  total 14848K, used 14622K [0x24810000, 0x25690000, 0x34810000)
   the space 14848K,  98% used [0x24810000, 0x25657810, 0x25657a00, 0x25690000)
No shared spaces configured.
Event: 3.931 GC heap after
Heap after GC invocations=269 (full 0):
 def new generation   total 4992K, used 312K [0x04810000, 0x04d70000, 0x0f2b0000)
  eden space 4480K,   0% used [0x04810000, 0x04810000, 0x04c70000)
  from space 512K,  60% used [0x04c70000, 0x04cbe0f8, 0x04cf0000)
  to   space 512K,   0% used [0x04cf0000, 0x04cf0000, 0x04d70000)
 tenured generation   total 10944K, used 9606K [0x0f2b0000, 0x0fd60000, 0x24810000)
   the space 10944K,  87% used [0x0f2b0000, 0x0fc11a98, 0x0fc11c00, 0x0fd60000)
 compacting perm gen  total 14848K, used 14622K [0x24810000, 0x25690000, 0x34810000)
   the space 14848K,  98% used [0x24810000, 0x25657810, 0x25657a00, 0x25690000)
No shared spaces configured.
}
Event: 3.944 GC heap before
{Heap before GC invocations=269 (full 0):
 def new generation   total 4992K, used 4792K [0x04810000, 0x04d70000, 0x0f2b0000)
  eden space 4480K, 100% used [0x04810000, 0x04c70000, 0x04c70000)
  from space 512K,  60% used [0x04c70000, 0x04cbe0f8, 0x04cf0000)
  to   space 512K,   0% used [0x04cf0000, 0x04cf0000, 0x04d70000)
 tenured generation   total 10944K, used 9606K [0x0f2b0000, 0x0fd60000, 0x24810000)
   the space 10944K,  87% used [0x0f2b0000, 0x0fc11a98, 0x0fc11c00, 0x0fd60000)
 compacting perm gen  total 14848K, used 14623K [0x24810000, 0x25690000, 0x34810000)
   the space 14848K,  98% used [0x24810000, 0x25657ec0, 0x25658000, 0x25690000)
No shared spaces configured.
Event: 3.945 GC heap after
Heap after GC invocations=270 (full 0):
 def new generation   total 4992K, used 142K [0x04810000, 0x04d70000, 0x0f2b0000)
  eden space 4480K,   0% used [0x04810000, 0x04810000, 0x04c70000)
  from space 512K,  27% used [0x04cf0000, 0x04d13bb8, 0x04d70000)
  to   space 512K,   0% used [0x04c70000, 0x04c70000, 0x04cf0000)
 tenured generation   total 10944K, used 9646K [0x0f2b0000, 0x0fd60000, 0x24810000)
   the space 10944K,  88% used [0x0f2b0000, 0x0fc1b908, 0x0fc1ba00, 0x0fd60000)
 compacting perm gen  total 14848K, used 14623K [0x24810000, 0x25690000, 0x34810000)
   the space 14848K,  98% used [0x24810000, 0x25657ec0, 0x25658000, 0x25690000)
No shared spaces configured.
}
Event: 3.955 GC heap before
{Heap before GC invocations=270 (full 0):
 def new generation   total 4992K, used 4622K [0x04810000, 0x04d70000, 0x0f2b0000)
  eden space 4480K, 100% used [0x04810000, 0x04c70000, 0x04c70000)
  from space 512K,  27% used [0x04cf0000, 0x04d13bb8, 0x04d70000)
  to   space 512K,   0% used [0x04c70000, 0x04c70000, 0x04cf0000)
 tenured generation   total 10944K, used 9646K [0x0f2b0000, 0x0fd60000, 0x24810000)
   the space 10944K,  88% used [0x0f2b0000, 0x0fc1b908, 0x0fc1ba00, 0x0fd60000)
 compacting perm gen  total 14848K, used 14683K [0x24810000, 0x25690000, 0x34810000)
   the space 14848K,  98% used [0x24810000, 0x25666fa8, 0x25667000, 0x25690000)
No shared spaces configured.
Event: 3.956 GC heap after
Heap after GC invocations=271 (full 0):
 def new generation   total 4992K, used 252K [0x04810000, 0x04d70000, 0x0f2b0000)
  eden space 4480K,   0% used [0x04810000, 0x04810000, 0x04c70000)
  from space 512K,  49% used [0x04c70000, 0x04caf0d0, 0x04cf0000)
  to   space 512K,   0% used [0x04cf0000, 0x04cf0000, 0x04d70000)
 tenured generation   total 10944K, used 9646K [0x0f2b0000, 0x0fd60000, 0x24810000)
   the space 10944K,  88% used [0x0f2b0000, 0x0fc1b908, 0x0fc1ba00, 0x0fd60000)
 compacting perm gen  total 14848K, used 14683K [0x24810000, 0x25690000, 0x34810000)
   the space 14848K,  98% used [0x24810000, 0x25666fa8, 0x25667000, 0x25690000)
No shared spaces configured.
}
Event: 3.967 GC heap before
{Heap before GC invocations=271 (full 0):
 def new generation   total 4992K, used 4732K [0x04810000, 0x04d70000, 0x0f2b0000)
  eden space 4480K, 100% used [0x04810000, 0x04c70000, 0x04c70000)
  from space 512K,  49% used [0x04c70000, 0x04caf0d0, 0x04cf0000)
  to   space 512K,   0% used [0x04cf0000, 0x04cf0000, 0x04d70000)
 tenured generation   total 10944K, used 9646K [0x0f2b0000, 0x0fd60000, 0x24810000)
   the space 10944K,  88% used [0x0f2b0000, 0x0fc1b908, 0x0fc1ba00, 0x0fd60000)
 compacting perm gen  total 14848K, used 14696K [0x24810000, 0x25690000, 0x34810000)
   the space 14848K,  98% used [0x24810000, 0x2566a3c0, 0x2566a400, 0x25690000)
No shared spaces configured.
Event: 3.968 GC heap after
Heap after GC invocations=272 (full 0):
 def new generation   total 4992K, used 179K [0x04810000, 0x04d70000, 0x0f2b0000)
  eden space 4480K,   0% used [0x04810000, 0x04810000, 0x04c70000)
  from space 512K,  34% used [0x04cf0000, 0x04d1cc38, 0x04d70000)
  to   space 512K,   0% used [0x04c70000, 0x04c70000, 0x04cf0000)
 tenured generation   total 10944K, used 9646K [0x0f2b0000, 0x0fd60000, 0x24810000)
   the space 10944K,  88% used [0x0f2b0000, 0x0fc1b908, 0x0fc1ba00, 0x0fd60000)
 compacting perm gen  total 14848K, used 14696K [0x24810000, 0x25690000, 0x34810000)
   the space 14848K,  98% used [0x24810000, 0x2566a3c0, 0x2566a400, 0x25690000)
No shared spaces configured.
}
Event: 3.984 GC heap before
{Heap before GC invocations=272 (full 0):
 def new generation   total 4992K, used 4659K [0x04810000, 0x04d70000, 0x0f2b0000)
  eden space 4480K, 100% used [0x04810000, 0x04c70000, 0x04c70000)
  from space 512K,  34% used [0x04cf0000, 0x04d1cc38, 0x04d70000)
  to   space 512K,   0% used [0x04c70000, 0x04c70000, 0x04cf0000)
 tenured generation   total 10944K, used 9646K [0x0f2b0000, 0x0fd60000, 0x24810000)
   the space 10944K,  88% used [0x0f2b0000, 0x0fc1b908, 0x0fc1ba00, 0x0fd60000)
 compacting perm gen  total 14848K, used 14772K [0x24810000, 0x25690000, 0x34810000)
   the space 14848K,  99% used [0x24810000, 0x2567d238, 0x2567d400, 0x25690000)
No shared spaces configured.
Event: 3.986 GC heap after
Heap after GC invocations=273 (full 0):
 def new generation   total 4992K, used 235K [0x04810000, 0x04d70000, 0x0f2b0000)
  eden space 4480K,   0% used [0x04810000, 0x04810000, 0x04c70000)
  from space 512K,  45% used [0x04c70000, 0x04caad38, 0x04cf0000)
  to   space 512K,   0% used [0x04cf0000, 0x04cf0000, 0x04d70000)
 tenured generation   total 10944K, used 9646K [0x0f2b0000, 0x0fd60000, 0x24810000)
   the space 10944K,  88% used [0x0f2b0000, 0x0fc1b908, 0x0fc1ba00, 0x0fd60000)
 compacting perm gen  total 14848K, used 14772K [0x24810000, 0x25690000, 0x34810000)
   the space 14848K,  99% used [0x24810000, 0x2567d238, 0x2567d400, 0x25690000)
No shared spaces configured.
}

Deoptimization events (0 events):
No events

Internal exceptions (10 events):
Event: 3.960 Thread 0x3542bc00 Threw 0x04950678 at C:\jdk7u2_32P\jdk7u4\hotspot\src\share\vm\prims\jvm.cpp:1166
Event: 3.960 Thread 0x3542bc00 Threw 0x04966ad0 at C:\jdk7u2_32P\jdk7u4\hotspot\src\share\vm\prims\jvm.cpp:1166
Event: 3.960 Thread 0x3542bc00 Threw 0x0497cf50 at C:\jdk7u2_32P\jdk7u4\hotspot\src\share\vm\prims\jvm.cpp:1166
Event: 3.960 Thread 0x3542bc00 Threw 0x04980718 at C:\jdk7u2_32P\jdk7u4\hotspot\src\share\vm\prims\jvm.cpp:1166
Event: 3.962 Thread 0x3542bc00 Threw 0x04a20818 at C:\jdk7u2_32P\jdk7u4\hotspot\src\share\vm\prims\jvm.cpp:1166
Event: 3.962 Thread 0x3542bc00 Threw 0x04a233b0 at C:\jdk7u2_32P\jdk7u4\hotspot\src\share\vm\prims\jvm.cpp:1166
Event: 3.962 Thread 0x3542bc00 Threw 0x04a4be18 at C:\jdk7u2_32P\jdk7u4\hotspot\src\share\vm\prims\jvm.cpp:1166
Event: 3.962 Thread 0x3542bc00 Threw 0x04a61c90 at C:\jdk7u2_32P\jdk7u4\hotspot\src\share\vm\prims\jvm.cpp:1166
Event: 3.965 Thread 0x3542bc00 Threw 0x04b806a8 at C:\jdk7u2_32P\jdk7u4\hotspot\src\share\vm\runtime\sharedRuntime.cpp:613
Event: 3.966 Thread 0x3542bc00 Threw 0x04be6730 at C:\jdk7u2_32P\jdk7u4\hotspot\src\share\vm\prims\jni.cpp:715

Events (10 events):
Event: 3.973 loading class 0x353675b8
Event: 3.973 loading class 0x353675b8 done
Event: 3.973 loading class 0x354325e0 done
Event: 3.973 loading class 0x3540ccf8 done
Event: 3.973 loading class 0x354274c8
Event: 3.973 loading class 0x35367558
Event: 3.973 loading class 0x35367558 done
Event: 3.974 loading class 0x354274c8 done
Event: 3.984 Executing VM operation: GenCollectForAllocation
Event: 3.986 Executing VM operation: GenCollectForAllocation done


Dynamic libraries:
0x012d0000 - 0x012ff000 	C:\Program Files (x86)\Java\jdk1.7.0_04\bin\java.exe
0x77330000 - 0x774b0000 	C:\windows\SysWOW64\ntdll.dll
0x75de0000 - 0x75ef0000 	C:\windows\syswow64\kernel32.dll
0x76700000 - 0x76746000 	C:\windows\syswow64\KERNELBASE.dll
0x76400000 - 0x764a0000 	C:\windows\syswow64\ADVAPI32.dll
0x76dd0000 - 0x76e7c000 	C:\windows\syswow64\msvcrt.dll
0x76250000 - 0x76269000 	C:\windows\SysWOW64\sechost.dll
0x74f30000 - 0x75020000 	C:\windows\syswow64\RPCRT4.dll
0x74e90000 - 0x74ef0000 	C:\windows\syswow64\SspiCli.dll
0x74e80000 - 0x74e8c000 	C:\windows\syswow64\CRYPTBASE.dll
0x76270000 - 0x76370000 	C:\windows\syswow64\USER32.dll
0x75ef0000 - 0x75f80000 	C:\windows\syswow64\GDI32.dll
0x761a0000 - 0x761aa000 	C:\windows\syswow64\LPK.dll
0x761b0000 - 0x7624d000 	C:\windows\syswow64\USP10.dll
0x74620000 - 0x747be000 	C:\windows\WinSxS\x86_microsoft.windows.common-controls_6595b64144ccf1df_6.0.7601.17514_none_41e6975e2bd6f2b2\COMCTL32.dll
0x766a0000 - 0x766f7000 	C:\windows\syswow64\SHLWAPI.dll
0x76750000 - 0x767b0000 	C:\windows\system32\IMM32.DLL
0x76950000 - 0x76a1c000 	C:\windows\syswow64\MSCTF.dll
0x6e0e0000 - 0x6e19e000 	C:\Program Files (x86)\Java\jdk1.7.0_04\jre\bin\msvcr100.dll
0x6b5e0000 - 0x6b92a000 	C:\Program Files (x86)\Java\jdk1.7.0_04\jre\bin\client\jvm.dll
0x74db0000 - 0x74db7000 	C:\windows\system32\WSOCK32.dll
0x76520000 - 0x76555000 	C:\windows\syswow64\WS2_32.dll
0x76a20000 - 0x76a26000 	C:\windows\syswow64\NSI.dll
0x73ab0000 - 0x73ae2000 	C:\windows\system32\WINMM.dll
0x77300000 - 0x77305000 	C:\windows\syswow64\PSAPI.DLL
0x744b0000 - 0x744bc000 	C:\Program Files (x86)\Java\jdk1.7.0_04\jre\bin\verify.dll
0x6e200000 - 0x6e220000 	C:\Program Files (x86)\Java\jdk1.7.0_04\jre\bin\java.dll
0x6e1e0000 - 0x6e1f3000 	C:\Program Files (x86)\Java\jdk1.7.0_04\jre\bin\zip.dll
0x67d10000 - 0x67dce000 	C:\Program Files (x86)\Oracle\JavaFX 2.1 Runtime\bin\msvcr100.dll
0x6dfe0000 - 0x6dfed000 	C:\Program Files (x86)\Oracle\JavaFX 2.1 Runtime\bin\prism-d3d.dll
0x6d540000 - 0x6d703000 	C:\windows\system32\d3d9.dll
0x74100000 - 0x74109000 	C:\windows\system32\VERSION.dll
0x6dff0000 - 0x6dff6000 	C:\windows\system32\d3d8thk.dll
0x732a0000 - 0x732b3000 	C:\windows\system32\dwmapi.dll
0x73310000 - 0x73390000 	C:\windows\system32\uxtheme.dll
0x35840000 - 0x358d2000 	C:\windows\system32\igdumdx32.dll
0x35b00000 - 0x36081000 	C:\windows\system32\igdumd32.dll
0x72f80000 - 0x72fa5000 	C:\windows\system32\PowrProf.dll
0x767b0000 - 0x7694d000 	C:\windows\syswow64\SETUPAPI.dll
0x74f00000 - 0x74f27000 	C:\windows\syswow64\CFGMGR32.dll
0x76370000 - 0x763ff000 	C:\windows\syswow64\OLEAUT32.dll
0x75020000 - 0x7517c000 	C:\windows\syswow64\ole32.dll
0x75f80000 - 0x75f92000 	C:\windows\syswow64\DEVOBJ.dll
0x6df80000 - 0x6dfa6000 	C:\Program Files (x86)\Oracle\JavaFX 2.1 Runtime\bin\glass.dll
0x76e80000 - 0x76efb000 	C:\windows\syswow64\COMDLG32.dll
0x75190000 - 0x75dda000 	C:\windows\syswow64\SHELL32.dll
0x6e1c0000 - 0x6e1d4000 	C:\Program Files (x86)\Java\jdk1.7.0_04\jre\bin\net.dll
0x749b0000 - 0x749c3000 	C:\windows\system32\PrxerDrv.dll
0x74970000 - 0x749ac000 	C:\windows\system32\mswsock.dll
0x74530000 - 0x74536000 	C:\windows\System32\wship6.dll
0x744a0000 - 0x744af000 	C:\Program Files (x86)\Java\jdk1.7.0_04\jre\bin\nio.dll
0x6dfc0000 - 0x6dfe0000 	C:\Program Files (x86)\Java\jdk1.7.0_04\jre\bin\sunec.dll
0x6dfb0000 - 0x6dfb9000 	C:\Program Files (x86)\Java\jdk1.7.0_04\jre\bin\sunmscapi.dll
0x76a30000 - 0x76b4d000 	C:\windows\syswow64\CRYPT32.dll
0x75180000 - 0x7518c000 	C:\windows\syswow64\MSASN1.dll
0x740e0000 - 0x740f6000 	C:\windows\system32\CRYPTSP.dll
0x740a0000 - 0x740db000 	C:\windows\system32\rsaenh.dll
0x74110000 - 0x74127000 	C:\windows\system32\USERENV.dll
0x74950000 - 0x7495b000 	C:\windows\system32\profapi.dll
0x73260000 - 0x73270000 	C:\windows\system32\NLAapi.dll
0x73070000 - 0x73080000 	C:\windows\system32\napinsp.dll
0x73050000 - 0x73062000 	C:\windows\system32\pnrpnsp.dll
0x73040000 - 0x73048000 	C:\windows\System32\winrnr.dll
0x73030000 - 0x7303d000 	C:\windows\system32\wshbth.dll
0x73a60000 - 0x73a6f000 	C:\windows\system32\PrxerNsp.dll
0x745a0000 - 0x745e4000 	C:\windows\system32\DNSAPI.dll
0x74960000 - 0x74965000 	C:\windows\System32\wshtcpip.dll
0x74580000 - 0x7459c000 	C:\windows\system32\IPHLPAPI.DLL
0x74570000 - 0x74577000 	C:\windows\system32\WINNSI.DLL
0x73a50000 - 0x73a56000 	C:\windows\system32\rasadhlp.dll
0x744f0000 - 0x74528000 	C:\windows\System32\fwpuclnt.dll
0x6df00000 - 0x6df3c000 	C:\Program Files (x86)\Oracle\JavaFX 2.1 Runtime\bin\javafx-font.dll
0x66c40000 - 0x66c61000 	C:\Users\doyin\Documents\NetBeansProjects\StockATView\JNativeCpp.dll
0x6d4b0000 - 0x6d53a000 	C:\Program Files (x86)\Java\jdk1.7.0_04\bin\AxStock.dll
0x73010000 - 0x73021000 	C:\windows\system32\NETAPI32.dll
0x73000000 - 0x73009000 	C:\windows\system32\netutils.dll
0x72fe0000 - 0x72ff9000 	C:\windows\system32\srvcli.dll
0x72fd0000 - 0x72fdf000 	C:\windows\system32\wkscli.dll
0x73100000 - 0x73151000 	C:\windows\system32\WINSPOOL.DRV
0x01240000 - 0x01278000 	C:\Program Files\ThinkPad\Bluetooth Software\SysWOW64\BtMmHook.dll
0x6df70000 - 0x6df78000 	C:\windows\system32\netbios.dll
0x76b50000 - 0x76bd3000 	C:\windows\syswow64\CLBCatQ.DLL
0x705c0000 - 0x706bb000 	C:\windows\system32\WindowsCodecs.dll
0x73eb0000 - 0x73efc000 	C:\windows\system32\apphelp.dll
0x749d0000 - 0x74abb000 	C:\windows\system32\dbghelp.dll

VM Arguments:
jvm_args: -Xbootclasspath/p:C:\Program Files (x86)\Oracle\JavaFX 2.1 Runtime\lib\jfxrt.jar;C:\Program Files (x86)\Oracle\JavaFX 2.1 Runtime\lib\deploy.jar;C:\Program Files (x86)\Oracle\JavaFX 2.1 Runtime\lib\javaws.jar;C:\Program Files (x86)\Oracle\JavaFX 2.1 Runtime\lib\plugin.jar -Dfile.encoding=UTF-8 -Xmx512m -XX:MaxPermSize=256m -Djava.security.policy=.java.policy 
java_command: com.javafx.main.Main
Launcher Type: SUN_STANDARD

Environment Variables:
CLASSPATH=C:\Program Files (x86)\IBM\WebSphere MQ\java\lib\com.ibm.mqjms.jar;C:\Program Files (x86)\IBM\WebSphere MQ\java\lib\com.ibm.mq.jar
PATH=C:\Program Files (x86)\IBM\WebSphere MQ\java\lib;C:\Program Files (x86)\IBM\WebSphere MQ\java\lib64;C:\OracleATS\oxe\app\oracle\product\10.2.0\server\bin;C:\windows\system32;C:\windows;C:\windows\System32\Wbem;C:\windows\System32\WindowsPowerShell\v1.0\;C:\Program Files\ThinkPad\Bluetooth Software\;C:\Program Files\ThinkPad\Bluetooth Software\syswow64;C:\Program Files\Broadcom\WHL\;C:\Program Files\Broadcom\WHL\syswow64;C:\Program Files\Broadcom\WHL\SysWow64\;C:\Program Files\Broadcom\WHL\SysWow64\syswow64;C:\Program Files (x86)\IBM\WebSphere MQ\bin64;C:\Program Files (x86)\IBM\WebSphere MQ\bin;C:\Program Files (x86)\IBM\WebSphere MQ\tools\c\samples\bin;C:\Program Files (x86)\Java\jdk1.7.0_04\bin;C:\Windows\System32\AxStock.dll
USERNAME=doyin

[error occurred during error reporting (printing environment variables), id 0xc0000005]



---------------  S Y S T E M  ---------------

OS: Windows 7 , 64 bit Build 7601 Service Pack 1

CPU:total 4 (2 cores per cpu, 2 threads per core) family 6 model 42 stepping 7, cmov, cx8, fxsr, mmx, sse, sse2, sse3, ssse3, sse4.1, sse4.2, popcnt, avx, ht, tsc, tscinvbit

Memory: 4k page, physical 8269040k(4488572k free), swap 16536228k(8528208k free)

vm_info: Java HotSpot(TM) Client VM (23.0-b21) for windows-x86 JRE (1.7.0_04-b22), built on May  3 2012 00:03:48 by "java_re" with unknown MS VC++:1600

time: Wed Jun 27 23:14:46 2012
elapsed time: 4 seconds

