#
# A fatal error has been detected by the Java Runtime Environment:
#
#  EXCEPTION_ACCESS_VIOLATION (0xc0000005) at pc=0x73ee7bfd, pid=14692, tid=11488
#
# JRE version: 7.0_04-b22
# Java VM: Java HotSpot(TM) Client VM (23.0-b21 mixed mode windows-x86 )
# Problematic frame:
# C  [apphelp.dll+0x7bfd]  SdbFindFirstStringIndexedTag+0x219
#
# Failed to write core dump. Minidumps are not enabled by default on client versions of Windows
#
# If you would like to submit a bug report, please visit:
#   http://bugreport.sun.com/bugreport/crash.jsp
# The crash happened outside the Java Virtual Machine in native code.
# See problematic frame for where to report the bug.
#

---------------  T H R E A D  ---------------

Current thread (0x34ecec00):  JavaThread "JavaFX Application Thread" [_thread_in_native, id=11488, stack(0x34cd0000,0x34d20000)]

siginfo: ExceptionCode=0xc0000005, reading address 0x0038e2d8

Registers:
EAX=0x00000000, EBX=0x00000000, ECX=0xfffffffe, EDX=0x00353e34
ESP=0x34d1cf80, EBP=0x34d1cf8c, ESI=0x0038e2d8, EDI=0x000007ef
EIP=0x73ee7bfd, EFLAGS=0x00010202

Top of Stack: (sp=0x34d1cf80)
0x34d1cf80:   00000000 0033f02c 34d1d044 34d1cfa8
0x34d1cf90:   73ee7b5a 0038e2d8 00000000 00348220
0x34d1cfa0:   34d1d380 00000000 34d1d2d4 73ee4d47
0x34d1cfb0:   00000000 4cc610ad 73eee080 00000000
0x34d1cfc0:   34d1d380 00000000 00000000 00000000
0x34d1cfd0:   00000000 00000000 00000000 00000000
0x34d1cfe0:   00000000 00000000 00000000 00000000
0x34d1cff0:   00000000 00000000 00000000 00000000 

Instructions: (pc=0x73ee7bfd)
0x73ee7bdd:   57 33 ff 3b f7 0f 84 93 b2 01 00 39 7e 04 74 1d
0x73ee7bed:   39 3e 7e 11 53 8b 46 04 8b 04 b8 85 c0 75 1a 47
0x73ee7bfd:   3b 3e 7c f1 5b ff 76 04 e8 cb b5 ff ff 56 e8 c5
0x73ee7c0d:   b5 ff ff 5f 5e 5d c2 04 00 8b 58 08 50 e8 b6 b5 


Register to memory mapping:

EAX=0x00000000 is an unknown value
EBX=0x00000000 is an unknown value
ECX=0xfffffffe is an unknown value
EDX=0x00353e34 is an unknown value
ESP=0x34d1cf80 is pointing into the stack for thread: 0x34ecec00
EBP=0x34d1cf8c is pointing into the stack for thread: 0x34ecec00
ESI=0x0038e2d8 is an unknown value
EDI=0x000007ef is an unknown value


Stack: [0x34cd0000,0x34d20000],  sp=0x34d1cf80,  free space=307k
Native frames: (J=compiled Java code, j=interpreted, Vv=VM code, C=native code)
C  [apphelp.dll+0x7bfd]  SdbFindFirstStringIndexedTag+0x219
C  [apphelp.dll+0x7b5a]  SdbFindFirstStringIndexedTag+0x176
C  [apphelp.dll+0x4d47]  SdbInitDatabaseEx+0x70b
C  [apphelp.dll+0xdfb4]  SdbGetMatchingExe+0x20
C  [apphelp.dll+0xe008]  SdbGetMatchingExe+0x74
C  [apphelp.dll+0xe2da]  SdbShowApphelpFromQuery+0x245
C  [apphelp.dll+0xa7e0]  ApphelpCheckShellObject+0x315
C  [SHELL32.dll+0x49455]  ILSaveToStream+0xab4
C  [SHELL32.dll+0x88279]  SHParseDisplayName+0x2f6
C  [SHELL32.dll+0x88395]  Ordinal866+0x1e
C  [SHELL32.dll+0x49ae7]  ILSaveToStream+0x1146
C  [SHELL32.dll+0x2359e]  ShellExecuteExW+0x1758
C  [SHELL32.dll+0x23a99]  Ordinal660+0x2ee
C  [SHELL32.dll+0x239e1]  Ordinal660+0x236
C  [SHELL32.dll+0x32acc]  SHGetDataFromIDListW+0x4f1
C  [SHELL32.dll+0x239c4]  Ordinal660+0x219
C  [SHELL32.dll+0x1b8c92]  Ordinal733+0x93f5
C  [SHELL32.dll+0xb4a5e]  Ordinal259+0x2d
C  [ole32.dll+0x28ca6]  CoInitializeSecurity+0x1a4d
C  [ole32.dll+0x43170]  CoSetState+0xa6b
C  [ole32.dll+0x28dca]  CoInitializeSecurity+0x1b71
C  [ole32.dll+0x28d3f]  CoInitializeSecurity+0x1ae6
C  [ole32.dll+0x28ac2]  CoInitializeSecurity+0x1869
C  [ole32.dll+0x28a73]  CoInitializeSecurity+0x181a
C  [ole32.dll+0x28e2d]  CoInitializeSecurity+0x1bd4
C  [ole32.dll+0x43170]  CoSetState+0xa6b
C  [ole32.dll+0x42ef4]  CoSetState+0x7ef
C  [ole32.dll+0x43170]  CoSetState+0xa6b
C  [ole32.dll+0x43098]  CoSetState+0x993
C  [ole32.dll+0x49e25]  CoCreateInstanceEx+0xd7
C  [ole32.dll+0x49d86]  CoCreateInstanceEx+0x38
C  [ole32.dll+0x49d3f]  CoCreateInstance+0x34
C  [glass.dll+0xcbb6]  Java_com_sun_glass_ui_win_WinDnDClipboard_push+0x5986

Java frames: (J=compiled Java code, j=interpreted, Vv=VM code)
j  com.sun.glass.ui.win.WinWindow._createWindow(JJI)J+0
j  com.sun.glass.ui.Window.<init>(Lcom/sun/glass/ui/Window;Lcom/sun/glass/ui/Screen;I)V+307
j  com.sun.glass.ui.win.WinWindow.<init>(Lcom/sun/glass/ui/Window;Lcom/sun/glass/ui/Screen;I)V+4
j  com.sun.glass.ui.win.WinApplication.createWindow(Lcom/sun/glass/ui/Window;Lcom/sun/glass/ui/Screen;I)Lcom/sun/glass/ui/Window;+7
j  com.sun.javafx.tk.quantum.WindowStage.initPlatformWindow()V+63
j  com.sun.javafx.tk.quantum.WindowStage.init(Lcom/sun/javafx/tk/quantum/GlassSystemMenu;)Lcom/sun/javafx/tk/quantum/WindowStage;+1
j  com.sun.javafx.tk.quantum.QuantumToolkit.createTKStage(Ljavafx/stage/StageStyle;ZLjavafx/stage/Modality;Lcom/sun/javafx/tk/TKStage;)Lcom/sun/javafx/tk/TKStage;+23
j  javafx.stage.Stage.impl_visibleChanging(Z)V+55
j  javafx.stage.Window$10.invalidated()V+80
j  javafx.beans.property.BooleanPropertyBase.markInvalid()V+13
j  javafx.beans.property.BooleanPropertyBase.set(Z)V+31
j  javafx.stage.Window.setShowing(Z)V+11
j  javafx.stage.Window.show()V+2
j  javafx.stage.Stage.show()V+1
j  stockatview.StockATView.start(Ljavafx/stage/Stage;)V+83
j  com.sun.javafx.application.LauncherImpl$5.run()V+26
j  com.sun.javafx.application.PlatformImpl$4.run()V+4
j  com.sun.javafx.application.PlatformImpl$3.run()V+4
v  ~StubRoutines::call_stub
j  com.sun.glass.ui.win.WinApplication._runLoop([Ljava/lang/String;Lcom/sun/glass/ui/Launchable;)V+0
j  com.sun.glass.ui.win.WinApplication.access$100(Lcom/sun/glass/ui/win/WinApplication;[Ljava/lang/String;Lcom/sun/glass/ui/Launchable;)V+3
j  com.sun.glass.ui.win.WinApplication$2$1.run()V+32
j  java.lang.Thread.run()V+11
v  ~StubRoutines::call_stub

---------------  P R O C E S S  ---------------

Java Threads: ( => current thread )
  0x34ed1000 JavaThread "Prism Font Disposer" daemon [_thread_blocked, id=14504, stack(0x37bc0000,0x37c10000)]
  0x34ed0c00 JavaThread "Keep-Alive-Timer" daemon [_thread_blocked, id=10100, stack(0x385e0000,0x38630000)]
  0x34ed0400 JavaThread "Keep-Alive-SocketCleaner" daemon [_thread_blocked, id=12700, stack(0x37b00000,0x37b50000)]
  0x34ecfc00 JavaThread "Thread-4" [_thread_blocked, id=11788, stack(0x38580000,0x385d0000)]
  0x34ecf800 JavaThread "Thread-3" [_thread_in_Java, id=4484, stack(0x38530000,0x38580000)]
  0x34ecf000 JavaThread "Thread-2" daemon [_thread_in_native, id=12188, stack(0x35330000,0x35380000)]
=>0x34ecec00 JavaThread "JavaFX Application Thread" [_thread_in_native, id=11488, stack(0x34cd0000,0x34d20000)]
  0x34ece400 JavaThread "Disposer" daemon [_thread_blocked, id=12612, stack(0x35810000,0x35860000)]
  0x34ece000 JavaThread "QuantumRenderer-0" daemon [_thread_blocked, id=7524, stack(0x35470000,0x354c0000)]
  0x34ecd800 JavaThread "JavaFX-Launcher" [_thread_blocked, id=1456, stack(0x352b0000,0x35300000)]
  0x34759400 JavaThread "Service Thread" daemon [_thread_blocked, id=6196, stack(0x34e30000,0x34e80000)]
  0x34752c00 JavaThread "C1 CompilerThread0" daemon [_thread_blocked, id=11128, stack(0x34bc0000,0x34c10000)]
  0x34751800 JavaThread "Attach Listener" daemon [_thread_blocked, id=7044, stack(0x34c80000,0x34cd0000)]
  0x3474e400 JavaThread "Signal Dispatcher" daemon [_thread_blocked, id=8996, stack(0x34950000,0x349a0000)]
  0x0216c000 JavaThread "Finalizer" daemon [_thread_blocked, id=8616, stack(0x349f0000,0x34a40000)]
  0x02167400 JavaThread "Reference Handler" daemon [_thread_blocked, id=9952, stack(0x34570000,0x345c0000)]
  0x01fcc800 JavaThread "main" [_thread_blocked, id=8280, stack(0x02260000,0x022b0000)]

Other Threads:
  0x02163c00 VMThread [stack: 0x34900000,0x34950000] [id=10608]
  0x34774000 WatcherThread [stack: 0x34db0000,0x34e00000] [id=12572]

VM state:at safepoint (normal execution)

VM Mutex/Monitor currently owned by a thread:  ([mutex/lock_event])
[0x01fcac20] Threads_lock - owner thread: 0x02163c00
[0x01fcb030] Heap_lock - owner thread: 0x34ecf800

Heap
 def new generation   total 4992K, used 4711K [0x042b0000, 0x04810000, 0x0ed50000)
  eden space 4480K, 100% used [0x042b0000, 0x04710000, 0x04710000)
  from space 512K,  45% used [0x04790000, 0x047c9cb8, 0x04810000)
  to   space 512K,   0% used [0x04710000, 0x047113a0, 0x04790000)
 tenured generation   total 10944K, used 9870K [0x0ed50000, 0x0f800000, 0x242b0000)
   the space 10944K,  90% used [0x0ed50000, 0x0f6f39a8, 0x0f6f3a00, 0x0f800000)
 compacting perm gen  total 14848K, used 14827K [0x242b0000, 0x25130000, 0x342b0000)
   the space 14848K,  99% used [0x242b0000, 0x2512ae90, 0x2512b000, 0x25130000)
No shared spaces configured.

Code Cache  [0x022b0000, 0x024e0000, 0x042b0000)
 total_blobs=1176 nmethods=891 adapters=219 free_code_cache=30538Kb largest_free_block=31269504

Compilation events (10 events):
Event: 4.424 Thread 0x34752c00  921             java.lang.Class::forName (36 bytes)
Event: 4.425 Thread 0x34752c00 nmethod 921 0x024db848 code [0x024db980, 0x024dbb10]
Event: 4.426 Thread 0x34752c00  922             javafx.collections.ListChangeListener$Change::getList (5 bytes)
Event: 4.426 Thread 0x34752c00 nmethod 922 0x024dbcc8 code [0x024dbdc0, 0x024dbe40]
Event: 4.430 Thread 0x34752c00  923             javafx.collections.ListChangeListener$Change::getAddedSubList (31 bytes)
Event: 4.430 Thread 0x34752c00 nmethod 923 0x024dbe88 code [0x024dbfc0, 0x024dc0e0]
Event: 4.442 Thread 0x34752c00  924             com.sun.javafx.collections.NonIterableChange$SimpleAddChange::<init> (8 bytes)
Event: 4.442 Thread 0x34752c00 nmethod 924 0x024dc1c8 code [0x024dc2c0, 0x024dc360]
Event: 4.446 Thread 0x34752c00  925   !         com.sun.javafx.css.parser.CSSParser::parse (478 bytes)
Event: 4.447 Thread 0x34752c00 nmethod 925 0x024dc3c8 code [0x024dc6a0, 0x024dcf88]

GC Heap History (10 events):
Event: 4.403 GC heap before
{Heap before GC invocations=245 (full 0):
 def new generation   total 4992K, used 4759K [0x042b0000, 0x04810000, 0x0ed50000)
  eden space 4480K, 100% used [0x042b0000, 0x04710000, 0x04710000)
  from space 512K,  54% used [0x04790000, 0x047d5e30, 0x04810000)
  to   space 512K,   0% used [0x04710000, 0x04710000, 0x04790000)
 tenured generation   total 10944K, used 9787K [0x0ed50000, 0x0f800000, 0x242b0000)
   the space 10944K,  89% used [0x0ed50000, 0x0f6defc8, 0x0f6df000, 0x0f800000)
 compacting perm gen  total 14848K, used 14677K [0x242b0000, 0x25130000, 0x342b0000)
   the space 14848K,  98% used [0x242b0000, 0x25105458, 0x25105600, 0x25130000)
No shared spaces configured.
Event: 4.404 GC heap after
Heap after GC invocations=246 (full 0):
 def new generation   total 4992K, used 250K [0x042b0000, 0x04810000, 0x0ed50000)
  eden space 4480K,   0% used [0x042b0000, 0x042b0000, 0x04710000)
  from space 512K,  48% used [0x04710000, 0x0474eaf8, 0x04790000)
  to   space 512K,   0% used [0x04790000, 0x04790000, 0x04810000)
 tenured generation   total 10944K, used 9834K [0x0ed50000, 0x0f800000, 0x242b0000)
   the space 10944K,  89% used [0x0ed50000, 0x0f6ea970, 0x0f6eaa00, 0x0f800000)
 compacting perm gen  total 14848K, used 14677K [0x242b0000, 0x25130000, 0x342b0000)
   the space 14848K,  98% used [0x242b0000, 0x25105458, 0x25105600, 0x25130000)
No shared spaces configured.
}
Event: 4.415 GC heap before
{Heap before GC invocations=246 (full 0):
 def new generation   total 4992K, used 4730K [0x042b0000, 0x04810000, 0x0ed50000)
  eden space 4480K, 100% used [0x042b0000, 0x04710000, 0x04710000)
  from space 512K,  48% used [0x04710000, 0x0474eaf8, 0x04790000)
  to   space 512K,   0% used [0x04790000, 0x04790000, 0x04810000)
 tenured generation   total 10944K, used 9834K [0x0ed50000, 0x0f800000, 0x242b0000)
   the space 10944K,  89% used [0x0ed50000, 0x0f6ea970, 0x0f6eaa00, 0x0f800000)
 compacting perm gen  total 14848K, used 14686K [0x242b0000, 0x25130000, 0x342b0000)
   the space 14848K,  98% used [0x242b0000, 0x25107a20, 0x25107c00, 0x25130000)
No shared spaces configured.
Event: 4.417 GC heap after
Heap after GC invocations=247 (full 0):
 def new generation   total 4992K, used 177K [0x042b0000, 0x04810000, 0x0ed50000)
  eden space 4480K,   0% used [0x042b0000, 0x042b0000, 0x04710000)
  from space 512K,  34% used [0x04790000, 0x047bc718, 0x04810000)
  to   space 512K,   0% used [0x04710000, 0x04710000, 0x04790000)
 tenured generation   total 10944K, used 9834K [0x0ed50000, 0x0f800000, 0x242b0000)
   the space 10944K,  89% used [0x0ed50000, 0x0f6ea970, 0x0f6eaa00, 0x0f800000)
 compacting perm gen  total 14848K, used 14686K [0x242b0000, 0x25130000, 0x342b0000)
   the space 14848K,  98% used [0x242b0000, 0x25107a20, 0x25107c00, 0x25130000)
No shared spaces configured.
}
Event: 4.427 GC heap before
{Heap before GC invocations=247 (full 0):
 def new generation   total 4992K, used 4657K [0x042b0000, 0x04810000, 0x0ed50000)
  eden space 4480K, 100% used [0x042b0000, 0x04710000, 0x04710000)
  from space 512K,  34% used [0x04790000, 0x047bc718, 0x04810000)
  to   space 512K,   0% used [0x04710000, 0x04710000, 0x04790000)
 tenured generation   total 10944K, used 9834K [0x0ed50000, 0x0f800000, 0x242b0000)
   the space 10944K,  89% used [0x0ed50000, 0x0f6ea970, 0x0f6eaa00, 0x0f800000)
 compacting perm gen  total 14848K, used 14739K [0x242b0000, 0x25130000, 0x342b0000)
   the space 14848K,  99% used [0x242b0000, 0x25114c00, 0x25114c00, 0x25130000)
No shared spaces configured.
Event: 4.428 GC heap after
Heap after GC invocations=248 (full 0):
 def new generation   total 4992K, used 245K [0x042b0000, 0x04810000, 0x0ed50000)
  eden space 4480K,   0% used [0x042b0000, 0x042b0000, 0x04710000)
  from space 512K,  47% used [0x04710000, 0x0474d708, 0x04790000)
  to   space 512K,   0% used [0x04790000, 0x04790000, 0x04810000)
 tenured generation   total 10944K, used 9834K [0x0ed50000, 0x0f800000, 0x242b0000)
   the space 10944K,  89% used [0x0ed50000, 0x0f6ea970, 0x0f6eaa00, 0x0f800000)
 compacting perm gen  total 14848K, used 14739K [0x242b0000, 0x25130000, 0x342b0000)
   the space 14848K,  99% used [0x242b0000, 0x25114c00, 0x25114c00, 0x25130000)
No shared spaces configured.
}
Event: 4.443 GC heap before
{Heap before GC invocations=248 (full 0):
 def new generation   total 4992K, used 4725K [0x042b0000, 0x04810000, 0x0ed50000)
  eden space 4480K, 100% used [0x042b0000, 0x04710000, 0x04710000)
  from space 512K,  47% used [0x04710000, 0x0474d708, 0x04790000)
  to   space 512K,   0% used [0x04790000, 0x04790000, 0x04810000)
 tenured generation   total 10944K, used 9834K [0x0ed50000, 0x0f800000, 0x242b0000)
   the space 10944K,  89% used [0x0ed50000, 0x0f6ea970, 0x0f6eaa00, 0x0f800000)
 compacting perm gen  total 14848K, used 14756K [0x242b0000, 0x25130000, 0x342b0000)
   the space 14848K,  99% used [0x242b0000, 0x251191c8, 0x25119200, 0x25130000)
No shared spaces configured.
Event: 4.445 GC heap after
Heap after GC invocations=249 (full 0):
 def new generation   total 4992K, used 281K [0x042b0000, 0x04810000, 0x0ed50000)
  eden space 4480K,   0% used [0x042b0000, 0x042b0000, 0x04710000)
  from space 512K,  54% used [0x04790000, 0x047d65f8, 0x04810000)
  to   space 512K,   0% used [0x04710000, 0x04710000, 0x04790000)
 tenured generation   total 10944K, used 9834K [0x0ed50000, 0x0f800000, 0x242b0000)
   the space 10944K,  89% used [0x0ed50000, 0x0f6ea970, 0x0f6eaa00, 0x0f800000)
 compacting perm gen  total 14848K, used 14756K [0x242b0000, 0x25130000, 0x342b0000)
   the space 14848K,  99% used [0x242b0000, 0x251191c8, 0x25119200, 0x25130000)
No shared spaces configured.
}
Event: 4.459 GC heap before
{Heap before GC invocations=249 (full 0):
 def new generation   total 4992K, used 4761K [0x042b0000, 0x04810000, 0x0ed50000)
  eden space 4480K, 100% used [0x042b0000, 0x04710000, 0x04710000)
  from space 512K,  54% used [0x04790000, 0x047d65f8, 0x04810000)
  to   space 512K,   0% used [0x04710000, 0x04710000, 0x04790000)
 tenured generation   total 10944K, used 9834K [0x0ed50000, 0x0f800000, 0x242b0000)
   the space 10944K,  89% used [0x0ed50000, 0x0f6ea970, 0x0f6eaa00, 0x0f800000)
 compacting perm gen  total 14848K, used 14827K [0x242b0000, 0x25130000, 0x342b0000)
   the space 14848K,  99% used [0x242b0000, 0x2512ae90, 0x2512b000, 0x25130000)
No shared spaces configured.
Event: 4.461 GC heap after
Heap after GC invocations=250 (full 0):
 def new generation   total 4992K, used 231K [0x042b0000, 0x04810000, 0x0ed50000)
  eden space 4480K,   0% used [0x042b0000, 0x042b0000, 0x04710000)
  from space 512K,  45% used [0x04710000, 0x04749d20, 0x04790000)
  to   space 512K,   0% used [0x04790000, 0x04790000, 0x04810000)
 tenured generation   total 10944K, used 9870K [0x0ed50000, 0x0f800000, 0x242b0000)
   the space 10944K,  90% used [0x0ed50000, 0x0f6f39a8, 0x0f6f3a00, 0x0f800000)
 compacting perm gen  total 14848K, used 14827K [0x242b0000, 0x25130000, 0x342b0000)
   the space 14848K,  99% used [0x242b0000, 0x2512ae90, 0x2512b000, 0x25130000)
No shared spaces configured.
}

Deoptimization events (0 events):
No events

Internal exceptions (10 events):
Event: 4.430 Thread 0x34ecec00 Threw 0x0433e918 at C:\jdk7u2_32P\jdk7u4\hotspot\src\share\vm\prims\jvm.cpp:1166
Event: 4.431 Thread 0x34ecec00 Threw 0x04341de8 at C:\jdk7u2_32P\jdk7u4\hotspot\src\share\vm\prims\jvm.cpp:1166
Event: 4.431 Thread 0x34ecec00 Threw 0x043452f8 at C:\jdk7u2_32P\jdk7u4\hotspot\src\share\vm\prims\jvm.cpp:1166
Event: 4.431 Thread 0x34ecec00 Threw 0x0435b860 at C:\jdk7u2_32P\jdk7u4\hotspot\src\share\vm\prims\jvm.cpp:1166
Event: 4.433 Thread 0x34ecec00 Threw 0x043e7df8 at C:\jdk7u2_32P\jdk7u4\hotspot\src\share\vm\prims\jvm.cpp:1166
Event: 4.433 Thread 0x34ecec00 Threw 0x043fd710 at C:\jdk7u2_32P\jdk7u4\hotspot\src\share\vm\prims\jvm.cpp:1166
Event: 4.433 Thread 0x34ecec00 Threw 0x044002a8 at C:\jdk7u2_32P\jdk7u4\hotspot\src\share\vm\prims\jvm.cpp:1166
Event: 4.433 Thread 0x34ecec00 Threw 0x04415ee0 at C:\jdk7u2_32P\jdk7u4\hotspot\src\share\vm\prims\jvm.cpp:1166
Event: 4.437 Thread 0x34ecec00 Threw 0x0456aa68 at C:\jdk7u2_32P\jdk7u4\hotspot\src\share\vm\runtime\sharedRuntime.cpp:613
Event: 4.439 Thread 0x34ecec00 Threw 0x045d00b8 at C:\jdk7u2_32P\jdk7u4\hotspot\src\share\vm\prims\jni.cpp:715

Events (10 events):
Event: 4.447 loading class 0x34f870b0 done
Event: 4.447 loading class 0x34ed9378 done
Event: 4.448 loading class 0x34f7c4a8
Event: 4.448 loading class 0x34ec3860
Event: 4.448 loading class 0x34ec3860 done
Event: 4.448 loading class 0x34f7c4a8 done
Event: 4.459 Executing VM operation: GenCollectForAllocation
Event: 4.461 Executing VM operation: GenCollectForAllocation done
Event: 4.461 Executing VM operation: RevokeBias
Event: 4.461 Executing VM operation: RevokeBias done


Dynamic libraries:
0x000c0000 - 0x000ef000 	C:\Program Files (x86)\Java\jdk1.7.0_04\bin\java.exe
0x77360000 - 0x774e0000 	C:\windows\SysWOW64\ntdll.dll
0x75900000 - 0x75a10000 	C:\windows\syswow64\kernel32.dll
0x76a20000 - 0x76a66000 	C:\windows\syswow64\KERNELBASE.dll
0x768c0000 - 0x76960000 	C:\windows\syswow64\ADVAPI32.dll
0x76970000 - 0x76a1c000 	C:\windows\syswow64\msvcrt.dll
0x752e0000 - 0x752f9000 	C:\windows\SysWOW64\sechost.dll
0x75690000 - 0x75780000 	C:\windows\syswow64\RPCRT4.dll
0x74ec0000 - 0x74f20000 	C:\windows\syswow64\SspiCli.dll
0x74eb0000 - 0x74ebc000 	C:\windows\syswow64\CRYPTBASE.dll
0x75300000 - 0x75400000 	C:\windows\syswow64\USER32.dll
0x75490000 - 0x75520000 	C:\windows\syswow64\GDI32.dll
0x74f20000 - 0x74f2a000 	C:\windows\syswow64\LPK.dll
0x755e0000 - 0x7567d000 	C:\windows\syswow64\USP10.dll
0x74650000 - 0x747ee000 	C:\windows\WinSxS\x86_microsoft.windows.common-controls_6595b64144ccf1df_6.0.7601.17514_none_41e6975e2bd6f2b2\COMCTL32.dll
0x76e70000 - 0x76ec7000 	C:\windows\syswow64\SHLWAPI.dll
0x75520000 - 0x75580000 	C:\windows\system32\IMM32.DLL
0x75800000 - 0x758cc000 	C:\windows\syswow64\MSCTF.dll
0x6d080000 - 0x6d13e000 	C:\Program Files (x86)\Java\jdk1.7.0_04\jre\bin\msvcr100.dll
0x64e20000 - 0x6516a000 	C:\Program Files (x86)\Java\jdk1.7.0_04\jre\bin\client\jvm.dll
0x74de0000 - 0x74de7000 	C:\windows\system32\WSOCK32.dll
0x75200000 - 0x75235000 	C:\windows\syswow64\WS2_32.dll
0x77330000 - 0x77336000 	C:\windows\syswow64\NSI.dll
0x73ae0000 - 0x73b12000 	C:\windows\system32\WINMM.dll
0x75680000 - 0x75685000 	C:\windows\syswow64\PSAPI.DLL
0x741b0000 - 0x741bc000 	C:\Program Files (x86)\Java\jdk1.7.0_04\jre\bin\verify.dll
0x6d510000 - 0x6d530000 	C:\Program Files (x86)\Java\jdk1.7.0_04\jre\bin\java.dll
0x6e6f0000 - 0x6e703000 	C:\Program Files (x86)\Java\jdk1.7.0_04\jre\bin\zip.dll
0x68fe0000 - 0x6909e000 	C:\Program Files (x86)\Oracle\JavaFX 2.1 Runtime\bin\msvcr100.dll
0x6cf60000 - 0x6cf6d000 	C:\Program Files (x86)\Oracle\JavaFX 2.1 Runtime\bin\prism-d3d.dll
0x5de30000 - 0x5dff3000 	C:\windows\system32\d3d9.dll
0x74130000 - 0x74139000 	C:\windows\system32\VERSION.dll
0x6cf50000 - 0x6cf56000 	C:\windows\system32\d3d8thk.dll
0x732d0000 - 0x732e3000 	C:\windows\system32\dwmapi.dll
0x73340000 - 0x733c0000 	C:\windows\system32\uxtheme.dll
0x353d0000 - 0x35462000 	C:\windows\system32\igdumdx32.dll
0x358b0000 - 0x35e31000 	C:\windows\system32\igdumd32.dll
0x72ef0000 - 0x72f15000 	C:\windows\system32\PowrProf.dll
0x74f60000 - 0x750fd000 	C:\windows\syswow64\SETUPAPI.dll
0x76df0000 - 0x76e17000 	C:\windows\syswow64\CFGMGR32.dll
0x75400000 - 0x7548f000 	C:\windows\syswow64\OLEAUT32.dll
0x76a70000 - 0x76bcc000 	C:\windows\syswow64\ole32.dll
0x76dd0000 - 0x76de2000 	C:\windows\syswow64\DEVOBJ.dll
0x6a010000 - 0x6a036000 	C:\Program Files (x86)\Oracle\JavaFX 2.1 Runtime\bin\glass.dll
0x75780000 - 0x757fb000 	C:\windows\syswow64\COMDLG32.dll
0x75c70000 - 0x768ba000 	C:\windows\syswow64\SHELL32.dll
0x6d4a0000 - 0x6d4b4000 	C:\Program Files (x86)\Java\jdk1.7.0_04\jre\bin\net.dll
0x749e0000 - 0x749f3000 	C:\windows\system32\PrxerDrv.dll
0x749a0000 - 0x749dc000 	C:\windows\system32\mswsock.dll
0x74550000 - 0x74556000 	C:\windows\System32\wship6.dll
0x74450000 - 0x7445f000 	C:\Program Files (x86)\Java\jdk1.7.0_04\jre\bin\nio.dll
0x6cd00000 - 0x6cd20000 	C:\Program Files (x86)\Java\jdk1.7.0_04\jre\bin\sunec.dll
0x6c950000 - 0x6c959000 	C:\Program Files (x86)\Java\jdk1.7.0_04\jre\bin\sunmscapi.dll
0x75b50000 - 0x75c6d000 	C:\windows\syswow64\CRYPT32.dll
0x76960000 - 0x7696c000 	C:\windows\syswow64\MSASN1.dll
0x74110000 - 0x74126000 	C:\windows\system32\CRYPTSP.dll
0x740d0000 - 0x7410b000 	C:\windows\system32\rsaenh.dll
0x74140000 - 0x74157000 	C:\windows\system32\USERENV.dll
0x74980000 - 0x7498b000 	C:\windows\system32\profapi.dll
0x73290000 - 0x732a0000 	C:\windows\system32\NLAapi.dll
0x730a0000 - 0x730b0000 	C:\windows\system32\napinsp.dll
0x73080000 - 0x73092000 	C:\windows\system32\pnrpnsp.dll
0x73070000 - 0x73078000 	C:\windows\System32\winrnr.dll
0x73060000 - 0x7306d000 	C:\windows\system32\wshbth.dll
0x73a90000 - 0x73a9f000 	C:\windows\system32\PrxerNsp.dll
0x745d0000 - 0x74614000 	C:\windows\system32\DNSAPI.dll
0x74990000 - 0x74995000 	C:\windows\System32\wshtcpip.dll
0x745b0000 - 0x745cc000 	C:\windows\system32\IPHLPAPI.DLL
0x745a0000 - 0x745a7000 	C:\windows\system32\WINNSI.DLL
0x73a80000 - 0x73a86000 	C:\windows\system32\rasadhlp.dll
0x74510000 - 0x74548000 	C:\windows\System32\fwpuclnt.dll
0x6a200000 - 0x6a23c000 	C:\Program Files (x86)\Oracle\JavaFX 2.1 Runtime\bin\javafx-font.dll
0x66c40000 - 0x66c61000 	C:\Users\doyin\Documents\NetBeansProjects\StockATView\JNativeCpp.dll
0x67830000 - 0x678ba000 	C:\Program Files (x86)\Java\jdk1.7.0_04\bin\AxStock.dll
0x73040000 - 0x73051000 	C:\windows\system32\NETAPI32.dll
0x73030000 - 0x73039000 	C:\windows\system32\netutils.dll
0x73010000 - 0x73029000 	C:\windows\system32\srvcli.dll
0x73000000 - 0x7300f000 	C:\windows\system32\wkscli.dll
0x73130000 - 0x73181000 	C:\windows\system32\WINSPOOL.DRV
0x6c700000 - 0x6c708000 	C:\windows\system32\netbios.dll
0x76ed0000 - 0x76f53000 	C:\windows\syswow64\CLBCatQ.DLL
0x6f5f0000 - 0x6f6eb000 	C:\windows\system32\WindowsCodecs.dll
0x73ee0000 - 0x73f2c000 	C:\windows\system32\apphelp.dll
0x74a00000 - 0x74aeb000 	C:\windows\system32\dbghelp.dll

VM Arguments:
jvm_args: -Xbootclasspath/p:C:\Program Files (x86)\Oracle\JavaFX 2.1 Runtime\lib\jfxrt.jar;C:\Program Files (x86)\Oracle\JavaFX 2.1 Runtime\lib\deploy.jar;C:\Program Files (x86)\Oracle\JavaFX 2.1 Runtime\lib\javaws.jar;C:\Program Files (x86)\Oracle\JavaFX 2.1 Runtime\lib\plugin.jar -Dfile.encoding=UTF-8 -Xmx512m -XX:MaxPermSize=256m -Djava.security.policy=.java.policy 
java_command: com.javafx.main.Main
Launcher Type: SUN_STANDARD

Environment Variables:
CLASSPATH=C:\Program Files (x86)\IBM\WebSphere MQ\java\lib\com.ibm.mqjms.jar;C:\Program Files (x86)\IBM\WebSphere MQ\java\lib\com.ibm.mq.jar
PATH=C:\Program Files (x86)\IBM\WebSphere MQ\java\lib;C:\Program Files (x86)\IBM\WebSphere MQ\java\lib64;C:\OracleATS\oxe\app\oracle\product\10.2.0\server\bin;C:\windows\system32;C:\windows;C:\windows\System32\Wbem;C:\windows\System32\WindowsPowerShell\v1.0\;C:\Program Files\ThinkPad\Bluetooth Software\;C:\Program Files\ThinkPad\Bluetooth Software\syswow64;C:\Program Files\Broadcom\WHL\;C:\Program Files\Broadcom\WHL\syswow64;C:\Program Files\Broadcom\WHL\SysWow64\;C:\Program Files\Broadcom\WHL\SysWow64\syswow64;C:\Program Files (x86)\IBM\WebSphere MQ\bin64;C:\Program Files (x86)\IBM\WebSphere MQ\bin;C:\Program Files (x86)\IBM\WebSphere MQ\tools\c\samples\bin;C:\Program Files (x86)\Java\jdk1.7.0_04\bin;C:\Windows\System32\AxStock.dll
USERNAME=doyin
OS=Windows_NT
PROCESSOR_IDENTIFIER=Intel64 Family 6 Model 42 Stepping 7, GenuineIntel



---------------  S Y S T E M  ---------------

OS: Windows 7 , 64 bit Build 7601 Service Pack 1

CPU:total 4 (2 cores per cpu, 2 threads per core) family 6 model 42 stepping 7, cmov, cx8, fxsr, mmx, sse, sse2, sse3, ssse3, sse4.1, sse4.2, popcnt, avx, ht, tsc, tscinvbit

Memory: 4k page, physical 8269040k(3856636k free), swap 16536228k(3443808k free)

vm_info: Java HotSpot(TM) Client VM (23.0-b21) for windows-x86 JRE (1.7.0_04-b22), built on May  3 2012 00:03:48 by "java_re" with unknown MS VC++:1600

time: Mon Jul 16 08:50:23 2012
elapsed time: 4 seconds

