#
# A fatal error has been detected by the Java Runtime Environment:
#
#  EXCEPTION_ACCESS_VIOLATION (0xc0000005) at pc=0x7738e3be, pid=5480, tid=6892
#
# JRE version: 7.0_04-b22
# Java VM: Java HotSpot(TM) Client VM (23.0-b21 mixed mode windows-x86 )
# Problematic frame:
# C  [ntdll.dll+0x2e3be]  RtlInitUnicodeString+0x196
#
# Failed to write core dump. Minidumps are not enabled by default on client versions of Windows
#
# If you would like to submit a bug report, please visit:
#   http://bugreport.sun.com/bugreport/crash.jsp
# The crash happened outside the Java Virtual Machine in native code.
# See problematic frame for where to report the bug.
#

---------------  T H R E A D  ---------------

Current thread (0x35af6400):  JavaThread "Thread-42" [_thread_in_native, id=6892, stack(0x38230000,0x38280000)]

siginfo: ExceptionCode=0xc0000005, reading address 0x2a65cf1f

Registers:
EAX=0x003591f0, EBX=0x0037a160, ECX=0x00330000, EDX=0x0037a160
ESP=0x3827d610, EBP=0x3827d644, ESI=0x2a65cf1b, EDI=0x0037a158
EIP=0x7738e3be, EFLAGS=0x00010206

Top of Stack: (sp=0x3827d610)
0x3827d610:   00000000 00330000 0037a160 003aa6a8
0x3827d620:   3827d658 756a7dd9 00230009 0000003d
0x3827d630:   77394787 0000003a 00000000 003aa5a0
0x3827d640:   0037a158 3827d65c 7738e023 00394ba8
0x3827d650:   3827d6f8 003b48f8 0037a158 3827d670
0x3827d660:   756a05fa 00330000 00000000 0037a160
0x3827d670:   3827d67c 756a05b9 0037a160 3827d698
0x3827d680:   756b08dd 0037a160 003aa6a8 00394ba8 

Instructions: (pc=0x7738e3be)
0x7738e39e:   7a f8 80 7f 07 05 0f 84 5b 4b 06 00 8b 07 8b f7
0x7738e3ae:   c1 ee 03 33 f0 33 35 a4 00 46 77 89 7d fc 33 f1
0x7738e3be:   8b 46 04 89 45 f4 c6 47 07 80 c6 47 06 00 8b 5e
0x7738e3ce:   08 8b 4e 0c 89 5d e0 83 c3 01 89 4d e4 83 d1 01 


Register to memory mapping:

EAX=0x003591f0 is an unknown value
EBX=0x0037a160 is an unknown value
ECX=0x00330000 is an unknown value
EDX=0x0037a160 is an unknown value
ESP=0x3827d610 is pointing into the stack for thread: 0x35af6400
EBP=0x3827d644 is pointing into the stack for thread: 0x35af6400
ESI=0x2a65cf1b is an unallocated location in the heap
EDI=0x0037a158 is an unknown value


Stack: [0x38230000,0x38280000],  sp=0x3827d610,  free space=309k
Native frames: (J=compiled Java code, j=interpreted, Vv=VM code, C=native code)
C  [ntdll.dll+0x2e3be]  RtlInitUnicodeString+0x196
C  [ntdll.dll+0x2e023]  RtlFreeHeap+0x7e
C  [RPCRT4.dll+0x105fa]
C  [RPCRT4.dll+0x105b9]
C  [RPCRT4.dll+0x208dd]  NdrConformantVaryingArrayBufferSize+0x135
C  [RPCRT4.dll+0x209c8]  NdrConformantVaryingArrayBufferSize+0x220
C  [RPCRT4.dll+0x2098a]  NdrConformantVaryingArrayBufferSize+0x1e2
C  [RPCRT4.dll+0x1a97f]  RpcBindingFree+0x114
C  [DNSAPI.dll+0x3c44]  DnsValidateName_W+0x634
C  [RPCRT4.dll+0x1ae19]  RpcBindingFree+0x5ae
C  [RPCRT4.dll+0x1ae4c]  RpcBindingFree+0x5e1
C  [RPCRT4.dll+0x18007]  NdrGetBuffer+0xe1
C  [RPCRT4.dll+0xb018c]  NdrClientCall2+0x187
C  [DNSAPI.dll+0x42ee]  DnsValidateName_W+0xcde
C  [DNSAPI.dll+0x421c]  DnsValidateName_W+0xc0c
C  [DNSAPI.dll+0x4528]  DnsQueryExW+0xed
C  [DNSAPI.dll+0x44d1]  DnsQueryExW+0x96
C  [DNSAPI.dll+0x4474]  DnsQueryExW+0x39
C  [mswsock.dll+0x4ed3]
C  [mswsock.dll+0x4d5f]
C  [mswsock.dll+0x4b43]
C  [PrxerNsp.dll+0x21bc]  FindHostName+0x117c
C  [WS2_32.dll+0x4c93]  FreeAddrInfoW+0x178
C  [WS2_32.dll+0x4dbb]  WSALookupServiceNextW+0xff
C  [WS2_32.dll+0x4d26]  WSALookupServiceNextW+0x6a
C  [WS2_32.dll+0x5160]  WSALookupServiceNextW+0x4a4
C  [WS2_32.dll+0x4f2f]  WSALookupServiceNextW+0x273
C  [WS2_32.dll+0x6275]  WSALookupServiceBeginW+0xb1b
C  [WS2_32.dll+0x4a99]  GetAddrInfoW+0x210
C  [WS2_32.dll+0x4303]  getaddrinfo+0x6d
C  [net.dll+0x2a0d]  Java_java_net_Inet6AddressImpl_lookupAllHostAddr+0x1d7
j  java.net.Inet6AddressImpl.lookupAllHostAddr(Ljava/lang/String;)[Ljava/net/InetAddress;+0
j  java.net.InetAddress$1.lookupAllHostAddr(Ljava/lang/String;)[Ljava/net/InetAddress;+4
j  java.net.InetAddress.getAddressesFromNameService(Ljava/lang/String;Ljava/net/InetAddress;)[Ljava/net/InetAddress;+51
j  java.net.InetAddress.getAllByName0(Ljava/lang/String;Ljava/net/InetAddress;Z)[Ljava/net/InetAddress;+29
j  java.net.InetAddress.getAllByName(Ljava/lang/String;Ljava/net/InetAddress;)[Ljava/net/InetAddress;+343
j  java.net.InetAddress.getAllByName(Ljava/lang/String;)[Ljava/net/InetAddress;+2
j  org.apache.http.impl.conn.SystemDefaultDnsResolver.resolve(Ljava/lang/String;)[Ljava/net/InetAddress;+1
j  org.apache.http.impl.conn.DefaultClientConnectionOperator.resolveHostname(Ljava/lang/String;)[Ljava/net/InetAddress;+5
j  org.apache.http.impl.conn.DefaultClientConnectionOperator.openConnection(Lorg/apache/http/conn/OperatedClientConnection;Lorg/apache/http/HttpHost;Ljava/net/InetAddress;Lorg/apache/http/protocol/HttpContext;Lorg/apache/http/params/HttpParams;)V+87
j  org.apache.http.impl.conn.ManagedClientConnectionImpl.open(Lorg/apache/http/conn/routing/HttpRoute;Lorg/apache/http/protocol/HttpContext;Lorg/apache/http/params/HttpParams;)V+133
j  org.apache.http.impl.client.DefaultRequestDirector.tryConnect(Lorg/apache/http/impl/client/RoutedRequest;Lorg/apache/http/protocol/HttpContext;)V+49
j  org.apache.http.impl.client.DefaultRequestDirector.execute(Lorg/apache/http/HttpHost;Lorg/apache/http/HttpRequest;Lorg/apache/http/protocol/HttpContext;)Lorg/apache/http/HttpResponse;+369
j  org.apache.http.impl.client.AbstractHttpClient.execute(Lorg/apache/http/HttpHost;Lorg/apache/http/HttpRequest;Lorg/apache/http/protocol/HttpContext;)Lorg/apache/http/HttpResponse;+344
j  org.apache.http.impl.client.AbstractHttpClient.execute(Lorg/apache/http/HttpHost;Lorg/apache/http/HttpRequest;)Lorg/apache/http/HttpResponse;+7
j  answer.logic.helper.HttpHelper.sendRequest(Ljava/lang/String;Lorg/apache/commons/configuration/PropertiesConfiguration;)Ljava/util/List;+180
J  answer.logic.Strategy.checkKdj(Ljava/util/List;Ljava/lang/String;Z)V
v  ~StubRoutines::call_stub
V  [jvm.dll+0x1296da]
V  [jvm.dll+0x1d837e]
V  [jvm.dll+0x1298c3]
V  [jvm.dll+0x129927]
V  [jvm.dll+0xd24af]
V  [jvm.dll+0x149987]
V  [jvm.dll+0x149af0]
V  [jvm.dll+0x17df89]
C  [msvcr100.dll+0x5c6de]  endthreadex+0x3a
C  [msvcr100.dll+0x5c788]  endthreadex+0xe4
C  [kernel32.dll+0x1339a]  BaseThreadInitThunk+0x12
C  [ntdll.dll+0x39ef2]  RtlInitializeExceptionChain+0x63
C  [ntdll.dll+0x39ec5]  RtlInitializeExceptionChain+0x36

Java frames: (J=compiled Java code, j=interpreted, Vv=VM code)
j  java.net.Inet6AddressImpl.lookupAllHostAddr(Ljava/lang/String;)[Ljava/net/InetAddress;+0
j  java.net.InetAddress$1.lookupAllHostAddr(Ljava/lang/String;)[Ljava/net/InetAddress;+4
j  java.net.InetAddress.getAddressesFromNameService(Ljava/lang/String;Ljava/net/InetAddress;)[Ljava/net/InetAddress;+51
j  java.net.InetAddress.getAllByName0(Ljava/lang/String;Ljava/net/InetAddress;Z)[Ljava/net/InetAddress;+29
j  java.net.InetAddress.getAllByName(Ljava/lang/String;Ljava/net/InetAddress;)[Ljava/net/InetAddress;+343
j  java.net.InetAddress.getAllByName(Ljava/lang/String;)[Ljava/net/InetAddress;+2
j  org.apache.http.impl.conn.SystemDefaultDnsResolver.resolve(Ljava/lang/String;)[Ljava/net/InetAddress;+1
j  org.apache.http.impl.conn.DefaultClientConnectionOperator.resolveHostname(Ljava/lang/String;)[Ljava/net/InetAddress;+5
j  org.apache.http.impl.conn.DefaultClientConnectionOperator.openConnection(Lorg/apache/http/conn/OperatedClientConnection;Lorg/apache/http/HttpHost;Ljava/net/InetAddress;Lorg/apache/http/protocol/HttpContext;Lorg/apache/http/params/HttpParams;)V+87
j  org.apache.http.impl.conn.ManagedClientConnectionImpl.open(Lorg/apache/http/conn/routing/HttpRoute;Lorg/apache/http/protocol/HttpContext;Lorg/apache/http/params/HttpParams;)V+133
j  org.apache.http.impl.client.DefaultRequestDirector.tryConnect(Lorg/apache/http/impl/client/RoutedRequest;Lorg/apache/http/protocol/HttpContext;)V+49
j  org.apache.http.impl.client.DefaultRequestDirector.execute(Lorg/apache/http/HttpHost;Lorg/apache/http/HttpRequest;Lorg/apache/http/protocol/HttpContext;)Lorg/apache/http/HttpResponse;+369
j  org.apache.http.impl.client.AbstractHttpClient.execute(Lorg/apache/http/HttpHost;Lorg/apache/http/HttpRequest;Lorg/apache/http/protocol/HttpContext;)Lorg/apache/http/HttpResponse;+344
j  org.apache.http.impl.client.AbstractHttpClient.execute(Lorg/apache/http/HttpHost;Lorg/apache/http/HttpRequest;)Lorg/apache/http/HttpResponse;+7
j  answer.logic.helper.HttpHelper.sendRequest(Ljava/lang/String;Lorg/apache/commons/configuration/PropertiesConfiguration;)Ljava/util/List;+180
J  answer.logic.Strategy.checkKdj(Ljava/util/List;Ljava/lang/String;Z)V
j  stockatview.thread.StratedgeCheckThr.run()V+13
v  ~StubRoutines::call_stub

---------------  P R O C E S S  ---------------

Java Threads: ( => current thread )
  0x35b63000 JavaThread "Thread-102" [_thread_blocked, id=5432, stack(0x3a990000,0x3a9e0000)]
  0x35b62800 JavaThread "Thread-101" [_thread_blocked, id=13220, stack(0x3a620000,0x3a670000)]
  0x35b62400 JavaThread "Thread-100" [_thread_blocked, id=6584, stack(0x3a920000,0x3a970000)]
  0x35b7d400 JavaThread "Thread-99" [_thread_blocked, id=7000, stack(0x3a880000,0x3a8d0000)]
  0x35b7cc00 JavaThread "Thread-98" [_thread_blocked, id=9324, stack(0x3a4e0000,0x3a530000)]
  0x35b7c800 JavaThread "Thread-97" [_thread_blocked, id=3816, stack(0x3a7b0000,0x3a800000)]
  0x35b7c000 JavaThread "Thread-96" [_thread_blocked, id=10796, stack(0x3a6b0000,0x3a700000)]
  0x35b7bc00 JavaThread "Thread-95" [_thread_blocked, id=9044, stack(0x3a590000,0x3a5e0000)]
  0x35b7b400 JavaThread "Thread-94" [_thread_blocked, id=1804, stack(0x39f50000,0x39fa0000)]
  0x35b7ac00 JavaThread "Thread-93" [_thread_blocked, id=11444, stack(0x3a150000,0x3a1a0000)]
  0x35b7a800 JavaThread "Thread-92" [_thread_blocked, id=13188, stack(0x3a270000,0x3a2c0000)]
  0x35b7a000 JavaThread "Thread-91" [_thread_blocked, id=11276, stack(0x3a3f0000,0x3a440000)]
  0x35b79c00 JavaThread "Thread-90" [_thread_blocked, id=12684, stack(0x3a390000,0x3a3e0000)]
  0x35b73400 JavaThread "Thread-89" [_thread_blocked, id=8760, stack(0x3a340000,0x3a390000)]
  0x35b72c00 JavaThread "Thread-88" [_thread_blocked, id=9592, stack(0x3a1c0000,0x3a210000)]
  0x35b72800 JavaThread "Thread-87" [_thread_blocked, id=11608, stack(0x39f00000,0x39f50000)]
  0x35b72000 JavaThread "Thread-86" [_thread_blocked, id=7944, stack(0x3a0b0000,0x3a100000)]
  0x35b71c00 JavaThread "Thread-85" [_thread_blocked, id=2532, stack(0x39fa0000,0x39ff0000)]
  0x35b71400 JavaThread "Thread-84" [_thread_blocked, id=10872, stack(0x39e80000,0x39ed0000)]
  0x35b70c00 JavaThread "Thread-83" [_thread_blocked, id=3832, stack(0x39dc0000,0x39e10000)]
  0x35b70800 JavaThread "Thread-82" [_thread_blocked, id=8992, stack(0x397b0000,0x39800000)]
  0x35b70000 JavaThread "Thread-81" [_thread_blocked, id=13296, stack(0x39cc0000,0x39d10000)]
  0x35b6fc00 JavaThread "Thread-80" [_thread_blocked, id=9256, stack(0x39bf0000,0x39c40000)]
  0x35b4c800 JavaThread "Thread-79" [_thread_blocked, id=1560, stack(0x39ae0000,0x39b30000)]
  0x35b4c000 JavaThread "Thread-78" [_thread_blocked, id=8704, stack(0x39610000,0x39660000)]
  0x35b4b800 JavaThread "Thread-77" [_thread_blocked, id=9804, stack(0x39940000,0x39990000)]
  0x35b4b400 JavaThread "Thread-76" [_thread_blocked, id=10004, stack(0x399a0000,0x399f0000)]
  0x35b4ac00 JavaThread "Thread-75" [_thread_blocked, id=10100, stack(0x39850000,0x398a0000)]
  0x35b4a800 JavaThread "Thread-74" [_thread_blocked, id=7088, stack(0x39520000,0x39570000)]
  0x35b4a000 JavaThread "Thread-73" [_thread_blocked, id=11956, stack(0x39740000,0x39790000)]
  0x35b49c00 JavaThread "Thread-72" [_thread_blocked, id=2812, stack(0x395c0000,0x39610000)]
  0x35b49400 JavaThread "Thread-71" [_thread_blocked, id=7500, stack(0x39660000,0x396b0000)]
  0x35b48c00 JavaThread "Thread-70" [_thread_blocked, id=13260, stack(0x39570000,0x395c0000)]
  0x35b35c00 JavaThread "Thread-69" [_thread_blocked, id=8232, stack(0x39220000,0x39270000)]
  0x35b35400 JavaThread "Thread-68" [_thread_blocked, id=10620, stack(0x38d50000,0x38da0000)]
  0x35b35000 JavaThread "Thread-67" [_thread_blocked, id=7120, stack(0x393c0000,0x39410000)]
  0x35b34800 JavaThread "Thread-66" [_thread_blocked, id=12856, stack(0x392a0000,0x392f0000)]
  0x35b34400 JavaThread "Thread-65" [_thread_blocked, id=9152, stack(0x38f30000,0x38f80000)]
  0x35b33c00 JavaThread "Thread-64" [_thread_blocked, id=9276, stack(0x39130000,0x39180000)]
  0x35b33800 JavaThread "Thread-63" [_thread_blocked, id=8708, stack(0x39070000,0x390c0000)]
  0x35b33000 JavaThread "Thread-62" [_thread_blocked, id=4556, stack(0x38ac0000,0x38b10000)]
  0x35b32800 JavaThread "Thread-61" [_thread_blocked, id=12304, stack(0x38ee0000,0x38f30000)]
  0x35b32400 JavaThread "Thread-60" [_thread_blocked, id=9132, stack(0x38e50000,0x38ea0000)]
  0x35b01c00 JavaThread "Thread-59" [_thread_blocked, id=10056, stack(0x38be0000,0x38c30000)]
  0x35b01400 JavaThread "Thread-58" [_thread_blocked, id=9900, stack(0x38c60000,0x38cb0000)]
  0x35b00c00 JavaThread "Thread-57" [_thread_blocked, id=10852, stack(0x38a70000,0x38ac0000)]
  0x35b00800 JavaThread "Thread-56" [_thread_blocked, id=11936, stack(0x38b50000,0x38ba0000)]
  0x35b00000 JavaThread "Thread-55" [_thread_blocked, id=2692, stack(0x38a10000,0x38a60000)]
  0x35affc00 JavaThread "Thread-54" [_thread_blocked, id=12844, stack(0x388b0000,0x38900000)]
  0x35aff400 JavaThread "Thread-53" [_thread_blocked, id=1192, stack(0x38650000,0x386a0000)]
  0x35aff000 JavaThread "Thread-52" [_thread_blocked, id=4424, stack(0x389a0000,0x389f0000)]
  0x35afe800 JavaThread "Thread-51" [_thread_blocked, id=12368, stack(0x386a0000,0x386f0000)]
  0x35afe000 JavaThread "Thread-50" [_thread_blocked, id=11808, stack(0x38800000,0x38850000)]
  0x35af9000 JavaThread "Thread-49" [_thread_blocked, id=12016, stack(0x38700000,0x38750000)]
  0x35af8800 JavaThread "Thread-48" [_thread_blocked, id=2312, stack(0x384d0000,0x38520000)]
  0x35af8400 JavaThread "Thread-47" [_thread_blocked, id=13196, stack(0x38600000,0x38650000)]
  0x35af7c00 JavaThread "Thread-46" [_thread_blocked, id=10560, stack(0x38430000,0x38480000)]
  0x35af7800 JavaThread "Thread-45" [_thread_blocked, id=6372, stack(0x38360000,0x383b0000)]
  0x35af7000 JavaThread "Thread-44" [_thread_blocked, id=8112, stack(0x37fe0000,0x38030000)]
  0x35af6c00 JavaThread "Thread-43" [_thread_blocked, id=8388, stack(0x382d0000,0x38320000)]
=>0x35af6400 JavaThread "Thread-42" [_thread_in_native, id=6892, stack(0x38230000,0x38280000)]
  0x35af5c00 JavaThread "Thread-41" [_thread_blocked, id=6656, stack(0x38170000,0x381c0000)]
  0x35af5800 JavaThread "Thread-40" [_thread_blocked, id=9580, stack(0x37bb0000,0x37c00000)]
  0x35ad2c00 JavaThread "Thread-39" [_thread_blocked, id=13096, stack(0x380b0000,0x38100000)]
  0x35ad2800 JavaThread "Thread-38" [_thread_blocked, id=11268, stack(0x38050000,0x380a0000)]
  0x35ad2000 JavaThread "Thread-37" [_thread_blocked, id=12308, stack(0x37f30000,0x37f80000)]
  0x35ad1c00 JavaThread "Thread-36" [_thread_blocked, id=3432, stack(0x37830000,0x37880000)]
  0x35ad1400 JavaThread "Thread-35" [_thread_blocked, id=12132, stack(0x37c30000,0x37c80000)]
  0x35ad1000 JavaThread "Thread-34" [_thread_blocked, id=6752, stack(0x37d90000,0x37de0000)]
  0x35ad0800 JavaThread "Thread-33" [_thread_blocked, id=6872, stack(0x37cb0000,0x37d00000)]
  0x35ad0400 JavaThread "Thread-32" [_thread_blocked, id=4352, stack(0x37710000,0x37760000)]
  0x35acfc00 JavaThread "Thread-31" [_thread_blocked, id=11400, stack(0x37ae0000,0x37b30000)]
  0x35acf400 JavaThread "Thread-30" [_thread_blocked, id=4544, stack(0x37950000,0x379a0000)]
  0x35a8f800 JavaThread "Thread-29" [_thread_blocked, id=13064, stack(0x37a80000,0x37ad0000)]
  0x35a8f400 JavaThread "Thread-28" [_thread_blocked, id=6328, stack(0x37540000,0x37590000)]
  0x35a8ec00 JavaThread "Thread-27" [_thread_blocked, id=12960, stack(0x34f10000,0x34f60000)]
  0x35a8e800 JavaThread "Thread-26" [_thread_blocked, id=10428, stack(0x379a0000,0x379f0000)]
  0x35a8e000 JavaThread "Thread-25" [_thread_blocked, id=12712, stack(0x37890000,0x378e0000)]
  0x35a8dc00 JavaThread "Thread-24" [_thread_blocked, id=12920, stack(0x377e0000,0x37830000)]
  0x35a8d400 JavaThread "Thread-23" [_thread_blocked, id=4048, stack(0x374f0000,0x37540000)]
  0x35a8cc00 JavaThread "Thread-22" [_thread_blocked, id=9544, stack(0x37680000,0x376d0000)]
  0x35a8c800 JavaThread "Thread-21" [_thread_blocked, id=5560, stack(0x375b0000,0x37600000)]
  0x35a8c000 JavaThread "Thread-20" [_thread_blocked, id=6576, stack(0x37390000,0x373e0000)]
  0x35a8bc00 JavaThread "Thread-19" [_thread_blocked, id=1164, stack(0x37460000,0x374b0000)]
  0x35a8b400 JavaThread "Thread-18" [_thread_blocked, id=12968, stack(0x37230000,0x37280000)]
  0x35a8b000 JavaThread "Thread-17" [_thread_blocked, id=3584, stack(0x372b0000,0x37300000)]
  0x35a8a800 JavaThread "Thread-16" [_thread_blocked, id=8728, stack(0x370e0000,0x37130000)]
  0x35a8a400 JavaThread "Thread-15" [_thread_blocked, id=12172, stack(0x36d50000,0x36da0000)]
  0x35a89c00 JavaThread "Thread-14" [_thread_blocked, id=13244, stack(0x366d0000,0x36720000)]
  0x35a89400 JavaThread "Thread-13" [_thread_blocked, id=8140, stack(0x36c60000,0x36cb0000)]
  0x35a89000 JavaThread "Thread-12" [_thread_blocked, id=10124, stack(0x36cc0000,0x36d10000)]
  0x35a88800 JavaThread "Thread-11" [_thread_blocked, id=5860, stack(0x365c0000,0x36610000)]
  0x35a88400 JavaThread "Thread-10" [_thread_blocked, id=6132, stack(0x350e0000,0x35130000)]
  0x35a85c00 JavaThread "Thread-9" [_thread_blocked, id=10072, stack(0x36a50000,0x36aa0000)]
  0x35a7e000 JavaThread "Thread-8" [_thread_blocked, id=6976, stack(0x369e0000,0x36a30000)]
  0x35a7dc00 JavaThread "Thread-7" [_thread_blocked, id=6276, stack(0x36140000,0x36190000)]
  0x35a7d400 JavaThread "Thread-6" [_thread_blocked, id=10940, stack(0x36890000,0x368e0000)]
  0x35a76c00 JavaThread "Thread-5" [_thread_blocked, id=10676, stack(0x367a0000,0x367f0000)]
  0x35a74400 JavaThread "Thread-4" [_thread_blocked, id=3808, stack(0x36730000,0x36780000)]
  0x35a65800 JavaThread "Thread-3" [_thread_blocked, id=12964, stack(0x36630000,0x36680000)]
  0x0107c800 JavaThread "DestroyJavaVM" [_thread_blocked, id=11488, stack(0x026d0000,0x02720000)]
  0x359b9800 JavaThread "Thread-1" [_thread_blocked, id=9924, stack(0x361e0000,0x36230000)]
  0x359afc00 JavaThread "Thread-0" [_thread_in_Java, id=12544, stack(0x36340000,0x36390000)]
  0x34bc9000 JavaThread "Service Thread" daemon [_thread_blocked, id=12660, stack(0x34ec0000,0x34f10000)]
  0x34bc2c00 JavaThread "C1 CompilerThread0" daemon [_thread_blocked, id=13140, stack(0x35130000,0x35180000)]
  0x34bc1800 JavaThread "Attach Listener" daemon [_thread_blocked, id=7568, stack(0x35030000,0x35080000)]
  0x34bbe400 JavaThread "Signal Dispatcher" daemon [_thread_blocked, id=8848, stack(0x34f60000,0x34fb0000)]
  0x00fec000 JavaThread "Finalizer" daemon [_thread_blocked, id=13024, stack(0x34e60000,0x34eb0000)]
  0x00fe7400 JavaThread "Reference Handler" daemon [_thread_blocked, id=11560, stack(0x34d00000,0x34d50000)]

Other Threads:
  0x00fe3c00 VMThread [stack: 0x002e0000,0x00330000] [id=12276]
  0x34be3400 WatcherThread [stack: 0x34de0000,0x34e30000] [id=11660]

VM state:not at safepoint (normal execution)

VM Mutex/Monitor currently owned by a thread: None

Heap
 def new generation   total 6400K, used 3210K [0x04720000, 0x04e10000, 0x0f1c0000)
  eden space 5696K,  56% used [0x04720000, 0x04a414e8, 0x04cb0000)
  from space 704K,   0% used [0x04d60000, 0x04d61360, 0x04e10000)
  to   space 704K,   0% used [0x04cb0000, 0x04cb0000, 0x04d60000)
 tenured generation   total 13292K, used 11612K [0x0f1c0000, 0x0febb000, 0x24720000)
   the space 13292K,  87% used [0x0f1c0000, 0x0fd172e8, 0x0fd17400, 0x0febb000)
 compacting perm gen  total 12288K, used 11786K [0x24720000, 0x25320000, 0x34720000)
   the space 12288K,  95% used [0x24720000, 0x252a2a68, 0x252a2c00, 0x25320000)
No shared spaces configured.

Code Cache  [0x02720000, 0x02af8000, 0x04720000)
 total_blobs=1920 nmethods=1733 adapters=121 free_code_cache=28847Kb largest_free_block=29538304

Compilation events (10 events):
Event: 31.276 Thread 0x34bc2c00 1749             org.apache.http.impl.conn.ManagedClientConnectionImpl::getRoute (10 bytes)
Event: 31.276 Thread 0x34bc2c00 nmethod 1749 0x02af3c48 code [0x02af3d60, 0x02af3e88]
Event: 31.881 Thread 0x34bc2c00 1750             sun.nio.cs.ext.DoubleByte$Decoder::decodeLoop (28 bytes)
Event: 31.881 Thread 0x34bc2c00 nmethod 1750 0x02af3fc8 code [0x02af40e0, 0x02af4208]
Event: 32.194 Thread 0x34bc2c00 1751             java.net.InetSocketAddress::getAddress (5 bytes)
Event: 32.194 Thread 0x34bc2c00 nmethod 1751 0x02af42c8 code [0x02af43c0, 0x02af4440]
Event: 32.195 Thread 0x34bc2c00 1752             java.net.InetSocketAddress::getPort (5 bytes)
Event: 32.195 Thread 0x34bc2c00 nmethod 1752 0x02af4488 code [0x02af4580, 0x02af4600]
Event: 32.855 Thread 0x34bc2c00 1753             org.apache.http.impl.client.RequestWrapper::getURI (5 bytes)
Event: 32.855 Thread 0x34bc2c00 nmethod 1753 0x02af4648 code [0x02af4740, 0x02af47c0]

GC Heap History (10 events):
Event: 33.006 GC heap before
{Heap before GC invocations=1924 (full 2):
 def new generation   total 6400K, used 5728K [0x04720000, 0x04e10000, 0x0f1c0000)
  eden space 5696K, 100% used [0x04720000, 0x04cb0000, 0x04cb0000)
  from space 704K,   4% used [0x04d60000, 0x04d68280, 0x04e10000)
  to   space 704K,   0% used [0x04cb0000, 0x04cb0000, 0x04d60000)
 tenured generation   total 13292K, used 11610K [0x0f1c0000, 0x0febb000, 0x24720000)
   the space 13292K,  87% used [0x0f1c0000, 0x0fd16a98, 0x0fd16c00, 0x0febb000)
 compacting perm gen  total 12288K, used 11786K [0x24720000, 0x25320000, 0x34720000)
   the space 12288K,  95% used [0x24720000, 0x252a2a68, 0x252a2c00, 0x25320000)
No shared spaces configured.
Event: 33.007 GC heap after
Heap after GC invocations=1925 (full 2):
 def new generation   total 6400K, used 32K [0x04720000, 0x04e10000, 0x0f1c0000)
  eden space 5696K,   0% used [0x04720000, 0x04720000, 0x04cb0000)
  from space 704K,   4% used [0x04cb0000, 0x04cb8280, 0x04d60000)
  to   space 704K,   0% used [0x04d60000, 0x04d60000, 0x04e10000)
 tenured generation   total 13292K, used 11610K [0x0f1c0000, 0x0febb000, 0x24720000)
   the space 13292K,  87% used [0x0f1c0000, 0x0fd16a98, 0x0fd16c00, 0x0febb000)
 compacting perm gen  total 12288K, used 11786K [0x24720000, 0x25320000, 0x34720000)
   the space 12288K,  95% used [0x24720000, 0x252a2a68, 0x252a2c00, 0x25320000)
No shared spaces configured.
}
Event: 33.028 GC heap before
{Heap before GC invocations=1925 (full 2):
 def new generation   total 6400K, used 5728K [0x04720000, 0x04e10000, 0x0f1c0000)
  eden space 5696K, 100% used [0x04720000, 0x04cb0000, 0x04cb0000)
  from space 704K,   4% used [0x04cb0000, 0x04cb8280, 0x04d60000)
  to   space 704K,   0% used [0x04d60000, 0x04d60000, 0x04e10000)
 tenured generation   total 13292K, used 11610K [0x0f1c0000, 0x0febb000, 0x24720000)
   the space 13292K,  87% used [0x0f1c0000, 0x0fd16a98, 0x0fd16c00, 0x0febb000)
 compacting perm gen  total 12288K, used 11786K [0x24720000, 0x25320000, 0x34720000)
   the space 12288K,  95% used [0x24720000, 0x252a2a68, 0x252a2c00, 0x25320000)
No shared spaces configured.
Event: 33.029 GC heap after
Heap after GC invocations=1926 (full 2):
 def new generation   total 6400K, used 32K [0x04720000, 0x04e10000, 0x0f1c0000)
  eden space 5696K,   0% used [0x04720000, 0x04720000, 0x04cb0000)
  from space 704K,   4% used [0x04d60000, 0x04d68280, 0x04e10000)
  to   space 704K,   0% used [0x04cb0000, 0x04cb0000, 0x04d60000)
 tenured generation   total 13292K, used 11610K [0x0f1c0000, 0x0febb000, 0x24720000)
   the space 13292K,  87% used [0x0f1c0000, 0x0fd16a98, 0x0fd16c00, 0x0febb000)
 compacting perm gen  total 12288K, used 11786K [0x24720000, 0x25320000, 0x34720000)
   the space 12288K,  95% used [0x24720000, 0x252a2a68, 0x252a2c00, 0x25320000)
No shared spaces configured.
}
Event: 33.045 GC heap before
{Heap before GC invocations=1926 (full 2):
 def new generation   total 6400K, used 5728K [0x04720000, 0x04e10000, 0x0f1c0000)
  eden space 5696K, 100% used [0x04720000, 0x04cb0000, 0x04cb0000)
  from space 704K,   4% used [0x04d60000, 0x04d68280, 0x04e10000)
  to   space 704K,   0% used [0x04cb0000, 0x04cb0000, 0x04d60000)
 tenured generation   total 13292K, used 11610K [0x0f1c0000, 0x0febb000, 0x24720000)
   the space 13292K,  87% used [0x0f1c0000, 0x0fd16a98, 0x0fd16c00, 0x0febb000)
 compacting perm gen  total 12288K, used 11786K [0x24720000, 0x25320000, 0x34720000)
   the space 12288K,  95% used [0x24720000, 0x252a2a68, 0x252a2c00, 0x25320000)
No shared spaces configured.
Event: 33.046 GC heap after
Heap after GC invocations=1927 (full 2):
 def new generation   total 6400K, used 6K [0x04720000, 0x04e10000, 0x0f1c0000)
  eden space 5696K,   0% used [0x04720000, 0x04720000, 0x04cb0000)
  from space 704K,   0% used [0x04cb0000, 0x04cb19b0, 0x04d60000)
  to   space 704K,   0% used [0x04d60000, 0x04d60000, 0x04e10000)
 tenured generation   total 13292K, used 11611K [0x0f1c0000, 0x0febb000, 0x24720000)
   the space 13292K,  87% used [0x0f1c0000, 0x0fd16c98, 0x0fd16e00, 0x0febb000)
 compacting perm gen  total 12288K, used 11786K [0x24720000, 0x25320000, 0x34720000)
   the space 12288K,  95% used [0x24720000, 0x252a2a68, 0x252a2c00, 0x25320000)
No shared spaces configured.
}
Event: 33.061 GC heap before
{Heap before GC invocations=1927 (full 2):
 def new generation   total 6400K, used 5702K [0x04720000, 0x04e10000, 0x0f1c0000)
  eden space 5696K, 100% used [0x04720000, 0x04cb0000, 0x04cb0000)
  from space 704K,   0% used [0x04cb0000, 0x04cb19b0, 0x04d60000)
  to   space 704K,   0% used [0x04d60000, 0x04d60000, 0x04e10000)
 tenured generation   total 13292K, used 11611K [0x0f1c0000, 0x0febb000, 0x24720000)
   the space 13292K,  87% used [0x0f1c0000, 0x0fd16c98, 0x0fd16e00, 0x0febb000)
 compacting perm gen  total 12288K, used 11786K [0x24720000, 0x25320000, 0x34720000)
   the space 12288K,  95% used [0x24720000, 0x252a2a68, 0x252a2c00, 0x25320000)
No shared spaces configured.
Event: 33.062 GC heap after
Heap after GC invocations=1928 (full 2):
 def new generation   total 6400K, used 4K [0x04720000, 0x04e10000, 0x0f1c0000)
  eden space 5696K,   0% used [0x04720000, 0x04720000, 0x04cb0000)
  from space 704K,   0% used [0x04d60000, 0x04d61390, 0x04e10000)
  to   space 704K,   0% used [0x04cb0000, 0x04cb0000, 0x04d60000)
 tenured generation   total 13292K, used 11612K [0x0f1c0000, 0x0febb000, 0x24720000)
   the space 13292K,  87% used [0x0f1c0000, 0x0fd172b8, 0x0fd17400, 0x0febb000)
 compacting perm gen  total 12288K, used 11786K [0x24720000, 0x25320000, 0x34720000)
   the space 12288K,  95% used [0x24720000, 0x252a2a68, 0x252a2c00, 0x25320000)
No shared spaces configured.
}
Event: 33.075 GC heap before
{Heap before GC invocations=1928 (full 2):
 def new generation   total 6400K, used 5700K [0x04720000, 0x04e10000, 0x0f1c0000)
  eden space 5696K, 100% used [0x04720000, 0x04cb0000, 0x04cb0000)
  from space 704K,   0% used [0x04d60000, 0x04d61390, 0x04e10000)
  to   space 704K,   0% used [0x04cb0000, 0x04cb0000, 0x04d60000)
 tenured generation   total 13292K, used 11612K [0x0f1c0000, 0x0febb000, 0x24720000)
   the space 13292K,  87% used [0x0f1c0000, 0x0fd172b8, 0x0fd17400, 0x0febb000)
 compacting perm gen  total 12288K, used 11786K [0x24720000, 0x25320000, 0x34720000)
   the space 12288K,  95% used [0x24720000, 0x252a2a68, 0x252a2c00, 0x25320000)
No shared spaces configured.
Event: 33.076 GC heap after
Heap after GC invocations=1929 (full 2):
 def new generation   total 6400K, used 4K [0x04720000, 0x04e10000, 0x0f1c0000)
  eden space 5696K,   0% used [0x04720000, 0x04720000, 0x04cb0000)
  from space 704K,   0% used [0x04cb0000, 0x04cb1390, 0x04d60000)
  to   space 704K,   0% used [0x04d60000, 0x04d60000, 0x04e10000)
 tenured generation   total 13292K, used 11612K [0x0f1c0000, 0x0febb000, 0x24720000)
   the space 13292K,  87% used [0x0f1c0000, 0x0fd172b8, 0x0fd17400, 0x0febb000)
 compacting perm gen  total 12288K, used 11786K [0x24720000, 0x25320000, 0x34720000)
   the space 12288K,  95% used [0x24720000, 0x252a2a68, 0x252a2c00, 0x25320000)
No shared spaces configured.
}

Deoptimization events (0 events):
No events

Internal exceptions (10 events):
Event: 3.842 Thread 0x35b70c00 Threw 0x047acec0 at C:\jdk7u2_32P\jdk7u4\hotspot\src\share\vm\prims\jvm.cpp:1166
Event: 3.843 Thread 0x35b70c00 Threw 0x047afeb0 at C:\jdk7u2_32P\jdk7u4\hotspot\src\share\vm\prims\jvm.cpp:1166
Event: 3.843 Thread 0x35b70c00 Threw 0x047ccad0 at C:\jdk7u2_32P\jdk7u4\hotspot\src\share\vm\prims\jvm.cpp:1166
Event: 3.843 Thread 0x35b70c00 Threw 0x047e9568 at C:\jdk7u2_32P\jdk7u4\hotspot\src\share\vm\prims\jvm.cpp:1166
Event: 8.804 Thread 0x35b7b400 Threw 0x047d43e0 at C:\jdk7u2_32P\jdk7u4\hotspot\src\share\vm\prims\jvm.cpp:1166
Event: 8.805 Thread 0x35b72000 Threw 0x04835c08 at C:\jdk7u2_32P\jdk7u4\hotspot\src\share\vm\prims\jvm.cpp:1166
Event: 8.807 Thread 0x35b72000 Threw 0x048c6e40 at C:\jdk7u2_32P\jdk7u4\hotspot\src\share\vm\prims\jvm.cpp:1166
Event: 8.808 Thread 0x35b01400 Threw 0x048eb188 at C:\jdk7u2_32P\jdk7u4\hotspot\src\share\vm\prims\jvm.cpp:1166
Event: 8.809 Thread 0x35a85c00 Threw 0x0490ea00 at C:\jdk7u2_32P\jdk7u4\hotspot\src\share\vm\prims\jvm.cpp:1166
Event: 8.979 Thread 0x35a85c00 Threw 0x04b85d68 at C:\jdk7u2_32P\jdk7u4\hotspot\src\share\vm\prims\jvm.cpp:1166

Events (10 events):
Event: 33.006 Executing VM operation: GenCollectForAllocation
Event: 33.007 Executing VM operation: GenCollectForAllocation done
Event: 33.028 Executing VM operation: GenCollectForAllocation
Event: 33.029 Executing VM operation: GenCollectForAllocation done
Event: 33.045 Executing VM operation: GenCollectForAllocation
Event: 33.046 Executing VM operation: GenCollectForAllocation done
Event: 33.061 Executing VM operation: GenCollectForAllocation
Event: 33.062 Executing VM operation: GenCollectForAllocation done
Event: 33.075 Executing VM operation: GenCollectForAllocation
Event: 33.076 Executing VM operation: GenCollectForAllocation done


Dynamic libraries:
0x011f0000 - 0x0121f000 	C:\Program Files (x86)\Java\jdk1.7.0_04\bin\java.exe
0x77360000 - 0x774e0000 	C:\windows\SysWOW64\ntdll.dll
0x75900000 - 0x75a10000 	C:\windows\syswow64\kernel32.dll
0x76a20000 - 0x76a66000 	C:\windows\syswow64\KERNELBASE.dll
0x768c0000 - 0x76960000 	C:\windows\syswow64\ADVAPI32.dll
0x76970000 - 0x76a1c000 	C:\windows\syswow64\msvcrt.dll
0x752e0000 - 0x752f9000 	C:\windows\SysWOW64\sechost.dll
0x75690000 - 0x75780000 	C:\windows\syswow64\RPCRT4.dll
0x74ec0000 - 0x74f20000 	C:\windows\syswow64\SspiCli.dll
0x74eb0000 - 0x74ebc000 	C:\windows\syswow64\CRYPTBASE.dll
0x75300000 - 0x75400000 	C:\windows\syswow64\USER32.dll
0x75490000 - 0x75520000 	C:\windows\syswow64\GDI32.dll
0x74f20000 - 0x74f2a000 	C:\windows\syswow64\LPK.dll
0x755e0000 - 0x7567d000 	C:\windows\syswow64\USP10.dll
0x74650000 - 0x747ee000 	C:\windows\WinSxS\x86_microsoft.windows.common-controls_6595b64144ccf1df_6.0.7601.17514_none_41e6975e2bd6f2b2\COMCTL32.dll
0x76e70000 - 0x76ec7000 	C:\windows\syswow64\SHLWAPI.dll
0x75520000 - 0x75580000 	C:\windows\system32\IMM32.DLL
0x75800000 - 0x758cc000 	C:\windows\syswow64\MSCTF.dll
0x6a4d0000 - 0x6a58e000 	C:\Program Files (x86)\Java\jdk1.7.0_04\jre\bin\msvcr100.dll
0x6a590000 - 0x6a8da000 	C:\Program Files (x86)\Java\jdk1.7.0_04\jre\bin\client\jvm.dll
0x74de0000 - 0x74de7000 	C:\windows\system32\WSOCK32.dll
0x75200000 - 0x75235000 	C:\windows\syswow64\WS2_32.dll
0x77330000 - 0x77336000 	C:\windows\syswow64\NSI.dll
0x73ae0000 - 0x73b12000 	C:\windows\system32\WINMM.dll
0x75680000 - 0x75685000 	C:\windows\syswow64\PSAPI.DLL
0x6cde0000 - 0x6cdec000 	C:\Program Files (x86)\Java\jdk1.7.0_04\jre\bin\verify.dll
0x6cdc0000 - 0x6cde0000 	C:\Program Files (x86)\Java\jdk1.7.0_04\jre\bin\java.dll
0x6cda0000 - 0x6cdb3000 	C:\Program Files (x86)\Java\jdk1.7.0_04\jre\bin\zip.dll
0x6cd80000 - 0x6cd94000 	C:\Program Files (x86)\Java\jdk1.7.0_04\jre\bin\net.dll
0x749e0000 - 0x749f3000 	C:\windows\system32\PrxerDrv.dll
0x749a0000 - 0x749dc000 	C:\windows\system32\mswsock.dll
0x74550000 - 0x74556000 	C:\windows\System32\wship6.dll
0x6ce10000 - 0x6ce1f000 	C:\Program Files (x86)\Java\jdk1.7.0_04\jre\bin\nio.dll
0x74170000 - 0x74190000 	C:\Program Files (x86)\Java\jdk1.7.0_04\jre\bin\sunec.dll
0x741c0000 - 0x741c9000 	C:\Program Files (x86)\Java\jdk1.7.0_04\jre\bin\sunmscapi.dll
0x75b50000 - 0x75c6d000 	C:\windows\syswow64\CRYPT32.dll
0x76960000 - 0x7696c000 	C:\windows\syswow64\MSASN1.dll
0x74110000 - 0x74126000 	C:\windows\system32\CRYPTSP.dll
0x740d0000 - 0x7410b000 	C:\windows\system32\rsaenh.dll
0x74140000 - 0x74157000 	C:\windows\system32\USERENV.dll
0x74980000 - 0x7498b000 	C:\windows\system32\profapi.dll
0x73290000 - 0x732a0000 	C:\windows\system32\NLAapi.dll
0x730a0000 - 0x730b0000 	C:\windows\system32\napinsp.dll
0x73080000 - 0x73092000 	C:\windows\system32\pnrpnsp.dll
0x73070000 - 0x73078000 	C:\windows\System32\winrnr.dll
0x73060000 - 0x7306d000 	C:\windows\system32\wshbth.dll
0x73a90000 - 0x73a9f000 	C:\windows\system32\PrxerNsp.dll
0x745d0000 - 0x74614000 	C:\windows\system32\DNSAPI.dll
0x74990000 - 0x74995000 	C:\windows\System32\wshtcpip.dll
0x745b0000 - 0x745cc000 	C:\windows\system32\IPHLPAPI.DLL
0x745a0000 - 0x745a7000 	C:\windows\system32\WINNSI.DLL
0x73a80000 - 0x73a86000 	C:\windows\system32\rasadhlp.dll
0x74510000 - 0x74548000 	C:\windows\System32\fwpuclnt.dll
0x66c40000 - 0x66c61000 	C:\Users\doyin\Documents\NetBeansProjects\StockATView\JNativeCpp.dll
0x76a70000 - 0x76bcc000 	C:\windows\syswow64\OLE32.dll
0x75400000 - 0x7548f000 	C:\windows\syswow64\OLEAUT32.DLL
0x68920000 - 0x689aa000 	C:\Program Files (x86)\Java\jdk1.7.0_04\bin\AxStock.dll
0x73040000 - 0x73051000 	C:\windows\system32\NETAPI32.dll
0x73030000 - 0x73039000 	C:\windows\system32\netutils.dll
0x73010000 - 0x73029000 	C:\windows\system32\srvcli.dll
0x73000000 - 0x7300f000 	C:\windows\system32\wkscli.dll
0x73130000 - 0x73181000 	C:\windows\system32\WINSPOOL.DRV
0x73340000 - 0x733c0000 	C:\windows\system32\uxtheme.dll
0x732d0000 - 0x732e3000 	C:\windows\system32\dwmapi.dll
0x36390000 - 0x363c8000 	C:\Program Files\ThinkPad\Bluetooth Software\SysWOW64\BtMmHook.dll
0x75c70000 - 0x768ba000 	C:\windows\syswow64\SHELL32.dll
0x74450000 - 0x74458000 	C:\windows\system32\netbios.dll
0x74a00000 - 0x74aeb000 	C:\windows\system32\dbghelp.dll

VM Arguments:
jvm_args: -Xbootclasspath/p:C:\Program Files (x86)\Oracle\JavaFX 2.1 Runtime\lib\jfxrt.jar;C:\Program Files (x86)\Oracle\JavaFX 2.1 Runtime\lib\deploy.jar;C:\Program Files (x86)\Oracle\JavaFX 2.1 Runtime\lib\javaws.jar;C:\Program Files (x86)\Oracle\JavaFX 2.1 Runtime\lib\plugin.jar -Dfile.encoding=UTF-8 -Xmx512m -XX:MaxPermSize=256m -Djava.security.policy=.java.policy 
java_command: wmain.StrategyCheck
Launcher Type: SUN_STANDARD

Environment Variables:
CLASSPATH=C:\Program Files (x86)\IBM\WebSphere MQ\java\lib\com.ibm.mqjms.jar;C:\Program Files (x86)\IBM\WebSphere MQ\java\lib\com.ibm.mq.jar
PATH=C:\Program Files (x86)\IBM\WebSphere MQ\java\lib;C:\Program Files (x86)\IBM\WebSphere MQ\java\lib64;C:\OracleATS\oxe\app\oracle\product\10.2.0\server\bin;C:\windows\system32;C:\windows;C:\windows\System32\Wbem;C:\windows\System32\WindowsPowerShell\v1.0\;C:\Program Files\ThinkPad\Bluetooth Software\;C:\Program Files\ThinkPad\Bluetooth Software\syswow64;C:\Program Files\Broadcom\WHL\;C:\Program Files\Broadcom\WHL\syswow64;C:\Program Files\Broadcom\WHL\SysWow64\;C:\Program Files\Broadcom\WHL\SysWow64\syswow64;C:\Program Files (x86)\IBM\WebSphere MQ\bin64;C:\Program Files (x86)\IBM\WebSphere MQ\bin;C:\Program Files (x86)\IBM\WebSphere MQ\tools\c\samples\bin;C:\Program Files (x86)\Java\jdk1.7.0_04\bin;C:\Windows\System32\AxStock.dll
USERNAME=doyin
OS=Windows_NT
PROCESSOR_IDENTIFIER=Intel64 Family 6 Model 42 Stepping 7, GenuineIntel



---------------  S Y S T E M  ---------------

OS: Windows 7 , 64 bit Build 7601 Service Pack 1

CPU:total 4 (2 cores per cpu, 2 threads per core) family 6 model 42 stepping 7, cmov, cx8, fxsr, mmx, sse, sse2, sse3, ssse3, sse4.1, sse4.2, popcnt, avx, ht, tsc, tscinvbit

Memory: 4k page, physical 8269040k(3099268k free), swap 16536228k(5110980k free)

vm_info: Java HotSpot(TM) Client VM (23.0-b21) for windows-x86 JRE (1.7.0_04-b22), built on May  3 2012 00:03:48 by "java_re" with unknown MS VC++:1600

time: Tue Jul 10 14:32:27 2012
elapsed time: 33 seconds

